drawable: e5 -> app_logo hexid: 0x7f0800b3
C:/Users/DatNT/Desktop/APKTOOL/apktool/apk-tool/projects/com.videomaker.movis/code/smali/com/a.smali
----------
string: a94 -> xiaoying_str_invite_code_some_strange hexid: 0x7f1205f5
layout: r6 -> layout_customize_dialog hexid: 0x7f0d0295
id: bg9 -> tv_negative_button hexid: 0x7f0a0ce1
id: bgh -> tv_positive_button hexid: 0x7f0a0cea
id: z6 -> flCta hexid: 0x7f0a03cb
id: ahg -> llFeauture1 hexid: 0x7f0a0696
id: ahh -> llFeauture2 hexid: 0x7f0a0697
C:/Users/DatNT/Desktop/APKTOOL/apktool/apk-tool/projects/com.videomaker.movis/code/smali_classes3/com/videoai/aivpcore/MainActivity.smali
----------
drawable: ho -> banner_premium_component hexid: 0x7f080136
drawable: hs -> banner_premium_component_70 hexid: 0x7f08013a
drawable: hr -> banner_premium_component_50 hexid: 0x7f080139
drawable: hq -> banner_premium_component_30 hexid: 0x7f080138
drawable: hp -> banner_premium_component_20 hexid: 0x7f080137
string: jw -> restore_message_success hexid: 0x7f1201c3
C:/Users/DatNT/Desktop/APKTOOL/apktool/apk-tool/projects/com.videomaker.movis/code/smali_classes3/com/videoai/aivpcore/ViewPremium.smali
----------
layout: y2 -> xiaoying_ve_video_export_activity_layout hexid: 0x7f0d0400
C:/Users/DatNT/Desktop/APKTOOL/apktool/apk-tool/projects/com.videomaker.movis/code/smali_classes3/com/videoai/aivpcore/app/j$b.smali
----------
layout: y2 -> xiaoying_ve_video_export_activity_layout hexid: 0x7f0d0400
C:/Users/DatNT/Desktop/APKTOOL/apktool/apk-tool/projects/com.videomaker.movis/code/smali_classes3/com/videoai/aivpcore/app/j.smali
----------
layout: am -> activity_result_expr hexid: 0x7f0d0031
id: azg -> save_path hexid: 0x7f0a093b
id: aia -> ll_rate hexid: 0x7f0a06b5
id: bng -> view_rate_banner hexid: 0x7f0a0dec
id: abd -> iv_studio_back hexid: 0x7f0a05b5
id: a9v -> iv_back_to_home hexid: 0x7f0a0558
id: a3y -> imageVideoView hexid: 0x7f0a047c
id: mh -> buttonShare hexid: 0x7f0a01e8
id: a3z -> imageVideoplay hexid: 0x7f0a047d
id: c_ -> ad_view hexid: 0x7f0a006e
C:/Users/DatNT/Desktop/APKTOOL/apktool/apk-tool/projects/com.videomaker.movis/code/smali_classes3/com/videoai/aivpcore/app/function/ResultActivity.smali
----------
attr: kk -> dialogPreferredPadding hexid: 0x7f0401a1
attr: kl -> dialogTheme hexid: 0x7f0401a2
C:/Users/DatNT/Desktop/APKTOOL/apktool/apk-tool/projects/com.videomaker.movis/code/smali_classes3/com/videoai/aivpcore/app/iaputils/a$a.smali
----------
layout: d7 -> comm_pager_v5_tab_item hexid: 0x7f0d0090
id: a58 -> img_cursor_line hexid: 0x7f0a04ab
id: b8g -> text_count hexid: 0x7f0a0a88
C:/Users/DatNT/Desktop/APKTOOL/apktool/apk-tool/projects/com.videomaker.movis/code/smali_classes3/com/videoai/aivpcore/community/widgetcommon/a.smali
----------
id: bb9 -> tvContent hexid: 0x7f0a0c28
id: bb9 -> tvContent hexid: 0x7f0a0c28
id: a77 -> item480 hexid: 0x7f0a04f5
string: a86 -> xiaoying_str_hd_action_normal_480p hexid: 0x7f1205d2
id: a79 -> item720 hexid: 0x7f0a04f7
string: a85 -> xiaoying_str_hd_action_height_720p hexid: 0x7f1205d1
id: a72 -> item1080 hexid: 0x7f0a04f0
string: a84 -> xiaoying_str_hd_action_full_1080p hexid: 0x7f1205d0
id: a74 -> item2K hexid: 0x7f0a04f2
string: l3 -> viva_publish_2k_item_title hexid: 0x7f12027c
id: a78 -> item4K hexid: 0x7f0a04f6
string: l4 -> viva_publish_4k_item_title hexid: 0x7f12027d
id: a7_ -> itemGif hexid: 0x7f0a04f8
string: a7b -> xiaoying_str_gif_action_item hexid: 0x7f1205b3
layout: fd -> editor_dialog_export_choose_list hexid: 0x7f0d00e1
C:/Users/DatNT/Desktop/APKTOOL/apktool/apk-tool/projects/com.videomaker.movis/code/smali_classes4/com/videoai/aivpcore/editor/export/d.smali
----------
drawable: a41 -> editorx_icon_rotate_n hexid: 0x7f080497
drawable: a3r -> editorx_icon_pic_trim_n hexid: 0x7f08048d
drawable: a3q -> editorx_icon_pic_anim_on hexid: 0x7f08048c
drawable: a3o -> editorx_icon_order_n hexid: 0x7f08048a
drawable: kt -> edit_icon_watermark_nor hexid: 0x7f0801d0
drawable: a67 -> editorx_selector_clip_del hexid: 0x7f0804e7
drawable: aqc -> super_timeline_audio_open_all hexid: 0x7f080811
drawable: a3w -> editorx_icon_ratio_n hexid: 0x7f080492
drawable: a43 -> editorx_icon_speed_n hexid: 0x7f080499
drawable: a5s -> editorx_sel_btn_clip_split hexid: 0x7f0804d8
drawable: a4k -> editorx_icon_video_trim_n hexid: 0x7f0804ab
drawable: a5t -> editorx_sel_btn_clip_trans hexid: 0x7f0804d9
drawable: a40 -> editorx_icon_reverser_n hexid: 0x7f080496
drawable: a2g -> editorx_icon_duplicate_n hexid: 0x7f08045d
drawable: a3n -> editorx_icon_magic_sound hexid: 0x7f080489
drawable: a26 -> editorx_icon_adjust_n hexid: 0x7f080452
drawable: aqb -> super_timeline_audio_mute_all hexid: 0x7f080810
drawable: a2r -> editorx_icon_effect_edit hexid: 0x7f080468
string: ajz -> xiaoying_str_ve_basic_rotate_title hexid: 0x7f1207ac
string: am3 -> xiaoying_str_ve_img_duration_title hexid: 0x7f1207fa
string: al0 -> xiaoying_str_ve_edit_pic_anim_title hexid: 0x7f1207d2
string: rr -> xiaoying_str_clip_order_title hexid: 0x7f120373
string: a10 -> xiaoying_str_edit_clip_watermark hexid: 0x7f1204c9
string: t7 -> xiaoying_str_com_delete_title hexid: 0x7f1203a8
string: aju -> xiaoying_str_ve_basic_mute_title hexid: 0x7f1207a7
string: al1 -> xiaoying_str_ve_edit_ratio_title hexid: 0x7f1207d3
string: ak1 -> xiaoying_str_ve_basic_speed_tool_title hexid: 0x7f1207ae
string: aof -> xiaoying_str_ve_split_clip_title hexid: 0x7f120851
string: ak2 -> xiaoying_str_ve_basic_trim_title hexid: 0x7f1207af
string: a0x -> xiaoying_str_edit_clip_transition hexid: 0x7f1204c6
string: ajr -> xiaoying_str_ve_basic_more_menu_reverse_title hexid: 0x7f1207a4
string: ajp -> xiaoying_str_ve_basic_duplicate_title hexid: 0x7f1207a2
string: ary -> xiaoying_str_vip_title_magic_sound hexid: 0x7f1208d3
string: al9 -> xiaoying_str_ve_effect_title hexid: 0x7f1207db
string: a07 -> xiaoying_str_edit_audio_vloume_text hexid: 0x7f1204ab
string: a0j -> xiaoying_str_edit_clip_edit hexid: 0x7f1204b8
C:/Users/DatNT/Desktop/APKTOOL/apktool/apk-tool/projects/com.videomaker.movis/code/smali_classes4/com/videoai/aivpcore/editorx/board/clip/main/b.smali
----------
color: zo -> white hexid: 0x7f060406
C:/Users/DatNT/Desktop/APKTOOL/apktool/apk-tool/projects/com.videomaker.movis/code/smali_classes4/com/videoai/aivpcore/editorx/board/clip/widget/TextActionBottomBar.smali
----------
id: ai2 -> ll_just_exit hexid: 0x7f0a06ac
id: aic -> ll_save_exit hexid: 0x7f0a06b7
id: awb -> rl_button_root hexid: 0x7f0a08c7
C:/Users/DatNT/Desktop/APKTOOL/apktool/apk-tool/projects/com.videomaker.movis/code/smali_classes4/com/videoai/aivpcore/editorx/controller/d.smali
----------
layout: kf -> editorx_dialog_loading hexid: 0x7f0d019c
id: ait -> loading_iv hexid: 0x7f0a06c8
id: aix -> loading_title hexid: 0x7f0a06cc
drawable: a52 -> editorx_loading hexid: 0x7f0804bd
C:/Users/DatNT/Desktop/APKTOOL/apktool/apk-tool/projects/com.videomaker.movis/code/smali_classes4/com/videoai/aivpcore/editorx/widget/k.smali
----------
layout: nx -> editorx_view_select_text hexid: 0x7f0d021d
id: b8z -> text_view hexid: 0x7f0a0a9b
id: wd -> equity_img hexid: 0x7f0a0364
id: a4a -> image_view hexid: 0x7f0a0489
font: d -> oswald_n hexid: 0x7f090003
C:/Users/DatNT/Desktop/APKTOOL/apktool/apk-tool/projects/com.videomaker.movis/code/smali_classes4/com/videoai/aivpcore/editorx/widget/SelectTextView.smali
----------
layout: n2 -> editorx_magic_template_item_layout hexid: 0x7f0d01fd
id: a8a -> item_title hexid: 0x7f0a051e
id: aol -> normal_content_layout hexid: 0x7f0a07aa
id: we -> error_view hexid: 0x7f0a0365
id: aoj -> none_layout hexid: 0x7f0a07a8
id: as_ -> progress_bar hexid: 0x7f0a0832
id: zs -> focus_mask_view hexid: 0x7f0a03e2
id: zt -> focus_mask_view_none hexid: 0x7f0a03e3
id: bbw -> tvNone hexid: 0x7f0a0c40
id: kq -> btn_download hexid: 0x7f0a01a7
id: b_e -> title_edit_btn hexid: 0x7f0a0ad0
id: abu -> iv_vip hexid: 0x7f0a05c6
id: a7e -> item_cover hexid: 0x7f0a04fd
drawable: a9e -> editorx_template_default_cover hexid: 0x7f08055e
C:/Users/DatNT/Desktop/APKTOOL/apktool/apk-tool/projects/com.videomaker.movis/code/smali_classes4/com/videoai/aivpcore/editorx/widget/magic/adapter/a.smali
----------
layout: ju -> editorx_bottom_tab_view_layout hexid: 0x7f0d0186
id: bi0 -> tv_theme_tab hexid: 0x7f0a0d22
id: bd5 -> tv_audio_tab hexid: 0x7f0a0c6e
id: bdh -> tv_clip_tab hexid: 0x7f0a0c7b
id: bed -> tv_effect_tab hexid: 0x7f0a0c9c
id: bf1 -> tv_filter_tab hexid: 0x7f0a0cb4
color: ap -> app_dcolor_text_2 hexid: 0x7f060034
color: oq -> editor_tab_selected hexid: 0x7f06023b
drawable: ard -> tab_editor_filter_unselect hexid: 0x7f080837
drawable: ar_ -> tab_editor_clip_edit_unselect hexid: 0x7f080833
drawable: arb -> tab_editor_effect_unselect hexid: 0x7f080835
drawable: arf -> tab_editor_music_unselect hexid: 0x7f080839
drawable: xo -> editor_tab_theme_selected hexid: 0x7f0803ac
drawable: xp -> editor_tab_theme_unselect hexid: 0x7f0803ad
drawable: are -> tab_editor_music_selected hexid: 0x7f080838
drawable: ar9 -> tab_editor_clip_edit_selected hexid: 0x7f080832
drawable: ara -> tab_editor_effect_selected hexid: 0x7f080834
drawable: arc -> tab_editor_filter_selected hexid: 0x7f080836
C:/Users/DatNT/Desktop/APKTOOL/apktool/apk-tool/projects/com.videomaker.movis/code/smali_classes4/com/videoai/aivpcore/editorx/widget/seekbar/a.smali
----------
string: g9 -> load_ad_export_er_msg hexid: 0x7f12013b
C:/Users/DatNT/Desktop/APKTOOL/apktool/apk-tool/projects/com.videomaker.movis/code/smali_classes4/com/videoai/aivpcore/module/iap/business/hPackage/b$3.smali
----------
id: bf5 -> tv_function_name hexid: 0x7f0a0cb8
id: aa3 -> iv_function_icon hexid: 0x7f0a0585
id: aby -> iv_vip_icon hexid: 0x7f0a05ca
C:/Users/DatNT/Desktop/APKTOOL/apktool/apk-tool/projects/com.videomaker.movis/code/smali_classes4/com/videoai/aivpcore/module/iap/business/hPackage/b$Adapter$ViewHolder.smali
----------
layout: qs -> iap_vip_project_list_item hexid: 0x7f0d0287
C:/Users/DatNT/Desktop/APKTOOL/apktool/apk-tool/projects/com.videomaker.movis/code/smali_classes4/com/videoai/aivpcore/module/iap/business/hPackage/b$Adapter.smali
----------
string: g_ -> loading hexid: 0x7f12013c
style: wi -> XYCustomDialog hexid: 0x7f13035c
layout: qr -> iap_vip_new_dialog_export_check3 hexid: 0x7f0d0286
id: ays -> rv_data hexid: 0x7f0a0922
id: bdx -> tv_desc hexid: 0x7f0a0c8b
id: bi9 -> tv_title hexid: 0x7f0a0d2b
id: bd_ -> tv_btn_become_vip hexid: 0x7f0a0c73
id: bda -> tv_btn_cancel hexid: 0x7f0a0c74
id: bb7 -> tvCancel hexid: 0x7f0a0c26
drawable: ak4 -> ic_play_ads hexid: 0x7f08072a
string: ds -> cta_unlock_for_free hexid: 0x7f1200bb
string: iu -> not_now hexid: 0x7f12019b
C:/Users/DatNT/Desktop/APKTOOL/apktool/apk-tool/projects/com.videomaker.movis/code/smali_classes4/com/videoai/aivpcore/module/iap/business/hPackage/b.smali
----------
string: a58 -> xiaoying_str_editor_vip_effect hexid: 0x7f120565
drawable: ip -> bg_pro_vfx hexid: 0x7f08015c
string: a59 -> xiaoying_str_editor_vip_transition hexid: 0x7f120566
drawable: io -> bg_pro_transitions hexid: 0x7f08015b
string: arj -> xiaoying_str_vip_font hexid: 0x7f1208c4
drawable: aih -> iap_vip_function_19 hexid: 0x7f0806ee
string: arg -> xiaoying_str_vip_apply_theme hexid: 0x7f1208c1
drawable: aik -> iap_vip_function_8 hexid: 0x7f0806f1
string: are -> xiaoying_str_vip_apply_filter hexid: 0x7f1208bf
drawable: in -> bg_pro_filter hexid: 0x7f08015a
string: arf -> xiaoying_str_vip_apply_paster hexid: 0x7f1208c0
drawable: aif -> iap_vip_function_10 hexid: 0x7f0806ec
drawable: aie -> iap_vip_function hexid: 0x7f0806eb
string: arh -> xiaoying_str_vip_apply_voice_changed hexid: 0x7f1208c2
string: arq -> xiaoying_str_vip_item_custom_bg_title hexid: 0x7f1208cb
drawable: aig -> iap_vip_function_13 hexid: 0x7f0806ed
drawable: ail -> iap_vip_function_9 hexid: 0x7f0806f2
string: arp -> xiaoying_str_vip_item_animated_text_title hexid: 0x7f1208ca
string: arc -> xiaoying_str_vip_apply_caption hexid: 0x7f1208bd
string: amc -> xiaoying_str_ve_mosaic_title hexid: 0x7f120804
drawable: a01 -> editorx_effect_mosaic_gaussian hexid: 0x7f080403
string: ahx -> xiaoying_str_template_audio_extract hexid: 0x7f120760
string: ard -> xiaoying_str_vip_apply_duration_limit hexid: 0x7f1208be
string: ai8 -> xiaoying_str_template_key_frame hexid: 0x7f12076b
string: aro -> xiaoying_str_vip_item_adjust_title hexid: 0x7f1208c9
string: a2y -> xiaoying_str_editor_custom_watermark hexid: 0x7f120511
drawable: aij -> iap_vip_function_3 hexid: 0x7f0806f0
string: a46 -> xiaoying_str_editor_remove_watermark hexid: 0x7f12053e
drawable: aii -> iap_vip_function_2 hexid: 0x7f0806ef
drawable: hu -> bg_4k_export hexid: 0x7f08013c
string: a85 -> xiaoying_str_hd_action_height_720p hexid: 0x7f1205d1
string: l3 -> viva_publish_2k_item_title hexid: 0x7f12027c
string: l4 -> viva_publish_4k_item_title hexid: 0x7f12027d
string: a84 -> xiaoying_str_hd_action_full_1080p hexid: 0x7f1205d0
string: a1q -> xiaoying_str_edit_record_voice_changer hexid: 0x7f1204e4
string: a26 -> xiaoying_str_edit_text_anim hexid: 0x7f1204f4
string: a58 -> xiaoying_str_editor_vip_effect hexid: 0x7f120565
drawable: ip -> bg_pro_vfx hexid: 0x7f08015c
string: a59 -> xiaoying_str_editor_vip_transition hexid: 0x7f120566
drawable: io -> bg_pro_transitions hexid: 0x7f08015b
string: arj -> xiaoying_str_vip_font hexid: 0x7f1208c4
drawable: aih -> iap_vip_function_19 hexid: 0x7f0806ee
string: arg -> xiaoying_str_vip_apply_theme hexid: 0x7f1208c1
drawable: aik -> iap_vip_function_8 hexid: 0x7f0806f1
string: are -> xiaoying_str_vip_apply_filter hexid: 0x7f1208bf
drawable: in -> bg_pro_filter hexid: 0x7f08015a
string: arf -> xiaoying_str_vip_apply_paster hexid: 0x7f1208c0
drawable: aif -> iap_vip_function_10 hexid: 0x7f0806ec
drawable: aie -> iap_vip_function hexid: 0x7f0806eb
string: arh -> xiaoying_str_vip_apply_voice_changed hexid: 0x7f1208c2
string: arq -> xiaoying_str_vip_item_custom_bg_title hexid: 0x7f1208cb
drawable: aig -> iap_vip_function_13 hexid: 0x7f0806ed
drawable: ail -> iap_vip_function_9 hexid: 0x7f0806f2
string: arp -> xiaoying_str_vip_item_animated_text_title hexid: 0x7f1208ca
string: arc -> xiaoying_str_vip_apply_caption hexid: 0x7f1208bd
string: amc -> xiaoying_str_ve_mosaic_title hexid: 0x7f120804
drawable: a01 -> editorx_effect_mosaic_gaussian hexid: 0x7f080403
string: ahx -> xiaoying_str_template_audio_extract hexid: 0x7f120760
string: arr -> xiaoying_str_vip_item_duration_limie_title hexid: 0x7f1208cc
string: ai8 -> xiaoying_str_template_key_frame hexid: 0x7f12076b
string: aro -> xiaoying_str_vip_item_adjust_title hexid: 0x7f1208c9
string: a2y -> xiaoying_str_editor_custom_watermark hexid: 0x7f120511
drawable: aij -> iap_vip_function_3 hexid: 0x7f0806f0
string: ars -> xiaoying_str_vip_item_water_mark_title hexid: 0x7f1208cd
drawable: aii -> iap_vip_function_2 hexid: 0x7f0806ef
drawable: hu -> bg_4k_export hexid: 0x7f08013c
string: a85 -> xiaoying_str_hd_action_height_720p hexid: 0x7f1205d1
string: l3 -> viva_publish_2k_item_title hexid: 0x7f12027c
string: l4 -> viva_publish_4k_item_title hexid: 0x7f12027d
string: a84 -> xiaoying_str_hd_action_full_1080p hexid: 0x7f1205d0
string: a1q -> xiaoying_str_edit_record_voice_changer hexid: 0x7f1204e4
string: a26 -> xiaoying_str_edit_text_anim hexid: 0x7f1204f4
C:/Users/DatNT/Desktop/APKTOOL/apktool/apk-tool/projects/com.videomaker.movis/code/smali_classes4/com/videoai/aivpcore/module/iap/business/hPackage/d.smali
----------
layout: w0 -> templatex_view_font_list_item hexid: 0x7f0d0357
C:/Users/DatNT/Desktop/APKTOOL/apktool/apk-tool/projects/com.videomaker.movis/code/smali_classes5/com/videoai/aivpcore/templatex/ui/adapter/FontListAdapter.smali
----------
layout: w1 -> templatex_view_list_item_l hexid: 0x7f0d0358
C:/Users/DatNT/Desktop/APKTOOL/apktool/apk-tool/projects/com.videomaker.movis/code/smali_classes5/com/videoai/aivpcore/templatex/ui/adapter/TemplateLListAdapter.smali
----------
layout: w2 -> templatex_view_list_item_s hexid: 0x7f0d0359
C:/Users/DatNT/Desktop/APKTOOL/apktool/apk-tool/projects/com.videomaker.movis/code/smali_classes5/com/videoai/aivpcore/templatex/ui/adapter/TemplateSListAdapter.smali
----------
layout: w3 -> templatex_view_list_item_xl hexid: 0x7f0d035a
C:/Users/DatNT/Desktop/APKTOOL/apktool/apk-tool/projects/com.videomaker.movis/code/smali_classes5/com/videoai/aivpcore/templatex/ui/adapter/TemplateXLListAdapter.smali
----------
color: jf -> color_f2f2f2 hexid: 0x7f060177
color: eq -> color_333333 hexid: 0x7f0600c9
C:/Users/DatNT/Desktop/APKTOOL/apktool/apk-tool/projects/com.videomaker.movis/code/smali_classes5/com/videoai/aivpcore/templatex/ui/adapter/TemplateXSItemHolder.smali
----------
layout: w4 -> templatex_view_list_item_xs hexid: 0x7f0d035b
C:/Users/DatNT/Desktop/APKTOOL/apktool/apk-tool/projects/com.videomaker.movis/code/smali_classes5/com/videoai/aivpcore/templatex/ui/adapter/TemplateXSListAdapter.smali
----------
layout: w5 -> templatex_view_list_item_xxs hexid: 0x7f0d035c
C:/Users/DatNT/Desktop/APKTOOL/apktool/apk-tool/projects/com.videomaker.movis/code/smali_classes5/com/videoai/aivpcore/templatex/ui/adapter/TemplateXXSListAdapter.smali
----------
layout: vl -> templatex_act_effect_detail hexid: 0x7f0d0348
C:/Users/DatNT/Desktop/APKTOOL/apktool/apk-tool/projects/com.videomaker.movis/code/smali_classes5/com/videoai/aivpcore/templatex/ui/controller/a.smali
----------
layout: vn -> templatex_act_subtitle_sticker_detail hexid: 0x7f0d034a
C:/Users/DatNT/Desktop/APKTOOL/apktool/apk-tool/projects/com.videomaker.movis/code/smali_classes5/com/videoai/aivpcore/templatex/ui/controller/e.smali
----------
layout: vn -> templatex_act_subtitle_sticker_detail hexid: 0x7f0d034a
color: jf -> color_f2f2f2 hexid: 0x7f060177
C:/Users/DatNT/Desktop/APKTOOL/apktool/apk-tool/projects/com.videomaker.movis/code/smali_classes5/com/videoai/aivpcore/templatex/ui/controller/h.smali
----------
layout: vp -> templatex_act_trans_detail hexid: 0x7f0d034c
C:/Users/DatNT/Desktop/APKTOOL/apktool/apk-tool/projects/com.videomaker.movis/code/smali_classes5/com/videoai/aivpcore/templatex/ui/controller/m.smali
----------
layout: vo -> templatex_act_theme_detail hexid: 0x7f0d034b
C:/Users/DatNT/Desktop/APKTOOL/apktool/apk-tool/projects/com.videomaker.movis/code/smali_classes5/com/videoai/aivpcore/templatex/ui/controller/ThemeDetailViewController.smali
----------
color: fi -> color_585858 hexid: 0x7f0600e6
color: bn -> black hexid: 0x7f060057
color: kt -> color_ff5e13 hexid: 0x7f0601aa
string: s_ -> xiaoying_str_com_cancel hexid: 0x7f120386
string: wc -> xiaoying_str_com_ok hexid: 0x7f12041d
color: fi -> color_585858 hexid: 0x7f0600e6
C:/Users/DatNT/Desktop/APKTOOL/apktool/apk-tool/projects/com.videomaker.movis/code/smali_classes5/com/videoai/aivpcore/ui/dialog/m.smali
----------
string: jw -> restore_message_success hexid: 0x7f1201c3
C:/Users/DatNT/Desktop/APKTOOL/apktool/apk-tool/projects/com.videomaker.movis/code/smali_classes5/com/videoai/aivpcore/unit/premium/a.smali
----------
string: ke -> sub_saved_product hexid: 0x7f1201d8
string: ho -> monthy hexid: 0x7f120170
string: ayd -> yearly hexid: 0x7f1209c0
string: kd -> sub_forever hexid: 0x7f1201d7
string: je -> premium_feature_1 hexid: 0x7f1201b0
drawable: hu -> bg_4k_export hexid: 0x7f08013c
string: jf -> premium_feature_2 hexid: 0x7f1201b1
drawable: im -> bg_pro_blending hexid: 0x7f080159
string: jg -> premium_feature_3 hexid: 0x7f1201b2
drawable: io -> bg_pro_transitions hexid: 0x7f08015b
string: jh -> premium_feature_4 hexid: 0x7f1201b3
drawable: in -> bg_pro_filter hexid: 0x7f08015a
string: ji -> premium_feature_5 hexid: 0x7f1201b4
drawable: ip -> bg_pro_vfx hexid: 0x7f08015c
string: jk -> premium_feature_7 hexid: 0x7f1201b6
drawable: hy -> bg_custom_watermark hexid: 0x7f080140
string: jl -> premium_feature_8 hexid: 0x7f1201b7
drawable: ir -> bg_remove_ads hexid: 0x7f08015e
string: arg -> xiaoying_str_vip_apply_theme hexid: 0x7f1208c1
drawable: aik -> iap_vip_function_8 hexid: 0x7f0806f1
string: arc -> xiaoying_str_vip_apply_caption hexid: 0x7f1208bd
drawable: ail -> iap_vip_function_9 hexid: 0x7f0806f2
string: arf -> xiaoying_str_vip_apply_paster hexid: 0x7f1208c0
drawable: aif -> iap_vip_function_10 hexid: 0x7f0806ec
string: arq -> xiaoying_str_vip_item_custom_bg_title hexid: 0x7f1208cb
drawable: aig -> iap_vip_function_13 hexid: 0x7f0806ed
string: arj -> xiaoying_str_vip_font hexid: 0x7f1208c4
drawable: aih -> iap_vip_function_19 hexid: 0x7f0806ee
C:/Users/DatNT/Desktop/APKTOOL/apktool/apk-tool/projects/com.videomaker.movis/code/smali_classes5/com/videoai/aivpcore/unit/premium/b.smali
----------
drawable: ih -> bg_popup_sale_70 hexid: 0x7f080154
drawable: ig -> bg_popup_sale_50 hexid: 0x7f080153
drawable: if -> bg_popup_sale_30 hexid: 0x7f080152
drawable: ie -> bg_popup_sale_20 hexid: 0x7f080151
C:/Users/DatNT/Desktop/APKTOOL/apktool/apk-tool/projects/com.videomaker.movis/code/smali_classes5/com/videoai/aivpcore/unit/premium/PremiumViewModel.smali
----------
layout: uy -> premium_top_banner hexid: 0x7f0d0330
drawable: hj -> banner_premium_0 hexid: 0x7f080131
drawable: hn -> banner_premium_70 hexid: 0x7f080135
drawable: hm -> banner_premium_50 hexid: 0x7f080134
drawable: hl -> banner_premium_30 hexid: 0x7f080133
drawable: hk -> banner_premium_20 hexid: 0x7f080132
drawable: c7 -> ag_place_holder hexid: 0x7f08006b
C:/Users/DatNT/Desktop/APKTOOL/apktool/apk-tool/projects/com.videomaker.movis/code/smali_classes5/com/videoai/aivpcore/unit/premium/view/BannerVH.smali
----------
layout: uw -> premium_slider hexid: 0x7f0d032e
C:/Users/DatNT/Desktop/APKTOOL/apktool/apk-tool/projects/com.videomaker.movis/code/smali_classes5/com/videoai/aivpcore/unit/premium/view/FeatureSlideVH.smali
----------
layout: r2 -> item_premium_offer hexid: 0x7f0d0291
string: ayc -> year hexid: 0x7f1209bf
string: hn -> month hexid: 0x7f12016f
string: hp -> most_popular hexid: 0x7f120171
drawable: ij -> bg_premium_offer_price_select hexid: 0x7f080156
drawable: ii -> bg_premium_offer_price hexid: 0x7f080155
C:/Users/DatNT/Desktop/APKTOOL/apktool/apk-tool/projects/com.videomaker.movis/code/smali_classes5/com/videoai/aivpcore/unit/premium/view/ItemOfferVH.smali
----------
layout: ux -> premium_slider_item hexid: 0x7f0d032f
C:/Users/DatNT/Desktop/APKTOOL/apktool/apk-tool/projects/com.videomaker.movis/code/smali_classes5/com/videoai/aivpcore/unit/premium/view/ItemSlideVH.smali
----------
layout: uv -> premium_policy hexid: 0x7f0d032d
C:/Users/DatNT/Desktop/APKTOOL/apktool/apk-tool/projects/com.videomaker.movis/code/smali_classes5/com/videoai/aivpcore/unit/premium/view/PolicyVH.smali
----------
drawable: ih -> bg_popup_sale_70 hexid: 0x7f080154
drawable: ih -> bg_popup_sale_70 hexid: 0x7f080154
drawable: ig -> bg_popup_sale_50 hexid: 0x7f080153
drawable: ig -> bg_popup_sale_50 hexid: 0x7f080153
drawable: if -> bg_popup_sale_30 hexid: 0x7f080152
drawable: if -> bg_popup_sale_30 hexid: 0x7f080152
drawable: ie -> bg_popup_sale_20 hexid: 0x7f080151
drawable: ie -> bg_popup_sale_20 hexid: 0x7f080151
C:/Users/DatNT/Desktop/APKTOOL/apktool/apk-tool/projects/com.videomaker.movis/code/smali_classes5/com/videoai/aivpcore/unit/sale/b.smali
----------
string: cf -> app_template_theme hexid: 0x7f120076
string: cb -> app_template_filter hexid: 0x7f120072
string: cc -> app_template_fx hexid: 0x7f120073
string: c5 -> app_feature_effects hexid: 0x7f12006b
string: ce -> app_template_text hexid: 0x7f120075
string: cd -> app_template_sticker hexid: 0x7f120074
string: a0x -> xiaoying_str_edit_clip_transition hexid: 0x7f1204c6
string: a0n -> xiaoying_str_edit_clip_page_background_title hexid: 0x7f1204bc
string: a4m -> xiaoying_str_editor_text_customize_title hexid: 0x7f12054f
C:/Users/DatNT/Desktop/APKTOOL/apktool/apk-tool/projects/com.videomaker.movis/code/smali_classes5/com/videoai/aivpcore/unit/util/a.smali
----------
drawable: ak1 -> ic_notice_draft_video hexid: 0x7f080727
string: c7 -> app_name hexid: 0x7f12006d
string: dw -> draft_video_notify_msg hexid: 0x7f1200c0
C:/Users/DatNT/Desktop/APKTOOL/apktool/apk-tool/projects/com.videomaker.movis/code/smali_classes5/com/videoai/aivpcore/unit/util/VideoDraftWorker.smali
----------
drawable: ak2 -> ic_notice_share_export_video hexid: 0x7f080728
string: c7 -> app_name hexid: 0x7f12006d
string: ir -> new_video_notify_msg hexid: 0x7f120198
C:/Users/DatNT/Desktop/APKTOOL/apktool/apk-tool/projects/com.videomaker.movis/code/smali_classes5/com/videoai/aivpcore/unit/util/VideoExportShareWorker.smali
----------
drawable: e6 -> app_logo_pro hexid: 0x7f0800b4
drawable: e5 -> app_logo hexid: 0x7f0800b3
C:/Users/DatNT/Desktop/APKTOOL/apktool/apk-tool/projects/com.videomaker.movis/code/smali_classes5/com/videoai/aivpcore/unit/view/HomeAppBar.smali
----------
layout: ql -> home_banner_premium hexid: 0x7f0d0280
drawable: hi -> banner_home_no_sale hexid: 0x7f080130
drawable: hn -> banner_premium_70 hexid: 0x7f080135
drawable: hm -> banner_premium_50 hexid: 0x7f080134
drawable: hl -> banner_premium_30 hexid: 0x7f080133
drawable: hk -> banner_premium_20 hexid: 0x7f080132
string: fcm_notification_detail_retry_message -> fcm_notification_detail_retry_message hexid: 0x7f1200ee
C:/Users/DatNT/Desktop/APKTOOL/apktool/apk-tool/projects/com.videomaker.movis/code/smali_classes5/com/videoai/aivpcore/unit/view/HomeBannerVH.smali
----------
layout: qm -> home_effect_center_component hexid: 0x7f0d0281
C:/Users/DatNT/Desktop/APKTOOL/apktool/apk-tool/projects/com.videomaker.movis/code/smali_classes5/com/videoai/aivpcore/unit/view/HomeEffectCenterVH.smali
----------
layout: r9 -> layout_home_feature hexid: 0x7f0d0298
drawable: c7 -> ag_place_holder hexid: 0x7f08006b
C:/Users/DatNT/Desktop/APKTOOL/apktool/apk-tool/projects/com.videomaker.movis/code/smali_classes5/com/videoai/aivpcore/unit/view/HomeFeatureVH.smali
----------
layout: r0 -> item_material_template hexid: 0x7f0d028f
C:/Users/DatNT/Desktop/APKTOOL/apktool/apk-tool/projects/com.videomaker.movis/code/smali_classes5/com/videoai/aivpcore/unit/view/ItemMaterialTemplateVH.smali
----------
layout: ra -> layout_native_ad hexid: 0x7f0d029a
C:/Users/DatNT/Desktop/APKTOOL/apktool/apk-tool/projects/com.videomaker.movis/code/smali_classes5/com/videoai/aivpcore/unit/view/NativeAdsVH.smali
----------
color: c2 -> black_p70 hexid: 0x7f060066
C:/Users/DatNT/Desktop/APKTOOL/apktool/apk-tool/projects/com.videomaker.movis/code/smali_classes5/com/videoai/aivpcore/unit/view/PressImageView.smali
----------
layout: a5 -> activity_app_effect_center hexid: 0x7f0d001f
id: a9u -> iv_back hexid: 0x7f0a0557
id: ayu -> rv_effect hexid: 0x7f0a0924
C:/Users/DatNT/Desktop/APKTOOL/apktool/apk-tool/projects/com.videomaker.movis/code/smali_classes6/com/videoapp/videomakermaster/AppEffectCenterActivity.smali
----------
drawable: ajb -> ic_effect_button hexid: 0x7f08070d
string: ju -> refund_purchase_desc hexid: 0x7f1201c1
string: j_ -> payonce_useforever hexid: 0x7f1201ab
string: jw -> restore_message_success hexid: 0x7f1201c3
string: g_ -> loading hexid: 0x7f12013c
style: nf -> Theme_Design_BottomSheetDialog hexid: 0x7f13020c
C:/Users/DatNT/Desktop/APKTOOL/apktool/apk-tool/projects/com.videomaker.movis/code/smali_classes6/com/videoapp/videomakermaster/AppIAPActivity.smali
----------
layout: a8 -> activity_app_policy hexid: 0x7f0d0022
id: a9u -> iv_back hexid: 0x7f0a0557
id: bp6 -> wv_policy_content hexid: 0x7f0a0e2b
id: ai5 -> ll_loading hexid: 0x7f0a06af
id: bcu -> tv_about_retry hexid: 0x7f0a0c63
id: ai7 -> ll_message_retry hexid: 0x7f0a06b1
C:/Users/DatNT/Desktop/APKTOOL/apktool/apk-tool/projects/com.videomaker.movis/code/smali_classes6/com/videoapp/videomakermaster/AppPolicyActivity.smali
----------
layout: a9 -> activity_app_setting hexid: 0x7f0d0023
id: a9u -> iv_back hexid: 0x7f0a0557
id: p6 -> cl_app_about hexid: 0x7f0a024b
id: p7 -> cl_app_feedback hexid: 0x7f0a024c
id: p8 -> cl_app_rate hexid: 0x7f0a024d
id: bij -> tv_version_app hexid: 0x7f0a0d36
string: a8 -> about_version hexid: 0x7f120022
C:/Users/DatNT/Desktop/APKTOOL/apktool/apk-tool/projects/com.videomaker.movis/code/smali_classes6/com/videoapp/videomakermaster/AppSettingActivity.smali
----------
drawable: iu -> bg_splash_1 hexid: 0x7f080161
drawable: iv -> bg_splash_2 hexid: 0x7f080162
drawable: iw -> bg_splash_3 hexid: 0x7f080163
string: a7 -> about_policy hexid: 0x7f120021
string: aa -> agree_policy_text hexid: 0x7f120027
color: m9 -> color_primary hexid: 0x7f0601df
C:/Users/DatNT/Desktop/APKTOOL/apktool/apk-tool/projects/com.videomaker.movis/code/smali_classes6/com/videoapp/videomakermaster/AppSplashActivity.smali
----------
layout: y9 -> xyui_dialog_confirm hexid: 0x7f0d0407
dimen: u0 -> px160 hexid: 0x7f070319
dimen: tz -> px16 hexid: 0x7f070318
id: bbc -> tvDesc hexid: 0x7f0a0c2c
string: t5 -> xiaoying_str_com_delete_ask hexid: 0x7f1203a6
id: bbv -> tvNegative hexid: 0x7f0a0c3f
string: zl -> xiaoying_str_download_cancel hexid: 0x7f120495
id: bbx -> tvPositive hexid: 0x7f0a0c41
string: t7 -> xiaoying_str_com_delete_title hexid: 0x7f1203a8
layout: og -> fragment_app_studio hexid: 0x7f0d0231
layout: up -> popup_app_studio_option hexid: 0x7f0d0327
id: ahu -> ll_delete_video hexid: 0x7f0a06a4
id: aie -> ll_share_video hexid: 0x7f0a06b9
id: ayp -> rv_app_video hexid: 0x7f0a091f
id: air -> loadingView hexid: 0x7f0a06c6
id: ahz -> ll_empty hexid: 0x7f0a06a9
id: bdt -> tv_cta_create_video hexid: 0x7f0a0c87
C:/Users/DatNT/Desktop/APKTOOL/apktool/apk-tool/projects/com.videomaker.movis/code/smali_classes6/com/videoapp/videomakermaster/AppStudioFragment.smali
----------
id: b4u -> studio_img_project_thumb hexid: 0x7f0a0a02
id: b4t -> studio_img_operate hexid: 0x7f0a0a01
id: b4w -> studio_item_time_duration hexid: 0x7f0a0a04
drawable: aeg -> gallery_default_pic_cover hexid: 0x7f080659
C:/Users/DatNT/Desktop/APKTOOL/apktool/apk-tool/projects/com.videomaker.movis/code/smali_classes6/com/videoapp/videomakermaster/AppVideoAdapter$b.smali
----------
layout: i6 -> editor_studio_grid_comm_item_layout_new hexid: 0x7f0d0148
C:/Users/DatNT/Desktop/APKTOOL/apktool/apk-tool/projects/com.videomaker.movis/code/smali_classes6/com/videoapp/videomakermaster/AppVideoAdapter.smali
----------
string: f1 -> feedback_mail_subject hexid: 0x7f1200ff
string: agl -> xiaoying_str_studio_qq_prj_share_title hexid: 0x7f12072f
C:/Users/DatNT/Desktop/APKTOOL/apktool/apk-tool/projects/com.videomaker.movis/code/smali_classes6/com/videoapp/videomakermaster/c.smali
----------
layout: ds -> dialog_cancel_feedback hexid: 0x7f0d00a6
id: kf -> btn_cancel hexid: 0x7f0a019c
id: kj -> btn_continue hexid: 0x7f0a01a0
C:/Users/DatNT/Desktop/APKTOOL/apktool/apk-tool/projects/com.videomaker.movis/code/smali_classes6/com/videoapp/videomakermaster/CancelFeedbackDialog.smali
----------
string: dl -> count_char_feedback hexid: 0x7f1200b4
color: bn -> black hexid: 0x7f060057
drawable: ahz -> green_trading_button_selected hexid: 0x7f0806db
drawable: iq -> bg_rate_cta hexid: 0x7f08015d
color: d8 -> colorRed hexid: 0x7f060091
C:/Users/DatNT/Desktop/APKTOOL/apktool/apk-tool/projects/com.videomaker.movis/code/smali_classes6/com/videoapp/videomakermaster/e$1.smali
----------
id: bie -> tv_translate hexid: 0x7f0a0d31
id: bex -> tv_feature hexid: 0x7f0a0cb0
id: bhw -> tv_theme hexid: 0x7f0a0d1e
id: bdy -> tv_design hexid: 0x7f0a0c8c
id: bdr -> tv_count_char hexid: 0x7f0a0c85
id: bio -> tv_warning hexid: 0x7f0a0d3b
id: lr -> btn_send_feedback hexid: 0x7f0a01cd
id: vt -> edt_feedback hexid: 0x7f0a034f
id: a_5 -> iv_close hexid: 0x7f0a0562
string: dl -> count_char_feedback hexid: 0x7f1200b4
drawable: ade -> feedback_shape_bg_edt_warning hexid: 0x7f080632
drawable: add -> feedback_shape_bg_edt hexid: 0x7f080631
string: f9 -> feedback_translate_4 hexid: 0x7f120107
string: ez -> feedback_feature_4 hexid: 0x7f1200fd
string: f5 -> feedback_theme_4 hexid: 0x7f120103
string: ev -> feedback_design_4 hexid: 0x7f1200f9
string: f8 -> feedback_translate_3 hexid: 0x7f120106
string: ey -> feedback_feature_3 hexid: 0x7f1200fc
string: f4 -> feedback_theme_3 hexid: 0x7f120102
string: eu -> feedback_design_3 hexid: 0x7f1200f8
string: f7 -> feedback_translate_2 hexid: 0x7f120105
string: ex -> feedback_feature_2 hexid: 0x7f1200fb
string: f3 -> feedback_theme_2 hexid: 0x7f120101
string: et -> feedback_design_2 hexid: 0x7f1200f7
string: f6 -> feedback_translate hexid: 0x7f120104
string: ew -> feedback_feature hexid: 0x7f1200fa
string: f2 -> feedback_theme hexid: 0x7f120100
string: es -> feedback_design hexid: 0x7f1200f6
string: dl -> count_char_feedback hexid: 0x7f1200b4
drawable: ahz -> green_trading_button_selected hexid: 0x7f0806db
drawable: iq -> bg_rate_cta hexid: 0x7f08015d
color: bn -> black hexid: 0x7f060057
color: d8 -> colorRed hexid: 0x7f060091
layout: dv -> dialog_feedback hexid: 0x7f0d00a9
C:/Users/DatNT/Desktop/APKTOOL/apktool/apk-tool/projects/com.videomaker.movis/code/smali_classes6/com/videoapp/videomakermaster/e.smali
----------
id: a_k -> iv_effect_banner hexid: 0x7f0a0572
id: bef -> tv_effect_title hexid: 0x7f0a0c9e
C:/Users/DatNT/Desktop/APKTOOL/apktool/apk-tool/projects/com.videomaker.movis/code/smali_classes6/com/videoapp/videomakermaster/EffectCenterAdapter$b.smali
----------
layout: qy -> item_effect_center hexid: 0x7f0d028d
C:/Users/DatNT/Desktop/APKTOOL/apktool/apk-tool/projects/com.videomaker.movis/code/smali_classes6/com/videoapp/videomakermaster/EffectCenterAdapter.smali
----------
layout: dz -> dialog_rate hexid: 0x7f0d00ad
id: bmw -> view_close hexid: 0x7f0a0dd7
id: bng -> view_rate_banner hexid: 0x7f0a0dec
C:/Users/DatNT/Desktop/APKTOOL/apktool/apk-tool/projects/com.videomaker.movis/code/smali_classes6/com/videoapp/videomakermaster/g.smali
----------
layout: e2 -> dialog_update hexid: 0x7f0d00b0
id: m6 -> btn_update hexid: 0x7f0a01dc
C:/Users/DatNT/Desktop/APKTOOL/apktool/apk-tool/projects/com.videomaker.movis/code/smali_classes6/com/videoapp/videomakermaster/i.smali
----------
string: a6u -> xiaoying_str_gallery_all_video hexid: 0x7f1205a1
string: abf -> xiaoying_str_preview_save_draft hexid: 0x7f120670
C:/Users/DatNT/Desktop/APKTOOL/apktool/apk-tool/projects/com.videomaker.movis/code/smali_classes6/com/videoapp/videomakermaster/MyStudioActivity$a.smali
----------
layout: al -> activity_my_studio hexid: 0x7f0d0030
id: abd -> iv_studio_back hexid: 0x7f0a05b5
id: b6h -> tab_studio hexid: 0x7f0a0a3f
id: bo7 -> vp_studio hexid: 0x7f0a0e07
C:/Users/DatNT/Desktop/APKTOOL/apktool/apk-tool/projects/com.videomaker.movis/code/smali_classes6/com/videoapp/videomakermaster/MyStudioActivity.smali
----------
drawable: ap3 -> rate_sticker_start hexid: 0x7f0807e2
layout: wm -> view_rate_banner hexid: 0x7f0d03cb
id: aax -> iv_rate_sticker hexid: 0x7f0a05a4
id: bgs -> tv_rate_title hexid: 0x7f0a0cf5
id: bgr -> tv_rate_message hexid: 0x7f0a0cf4
id: bhg -> tv_star_bar_message hexid: 0x7f0a0d0e
id: bgq -> tv_rate_cta hexid: 0x7f0a0cf3
id: azk -> sb_start_select hexid: 0x7f0a093f
id: ab8 -> iv_start_1 hexid: 0x7f0a05af
id: ab9 -> iv_start_2 hexid: 0x7f0a05b0
id: ab_ -> iv_start_3 hexid: 0x7f0a05b1
id: aba -> iv_start_4 hexid: 0x7f0a05b2
id: abb -> iv_start_5 hexid: 0x7f0a05b3
drawable: aoy -> rate_sticker_star_1 hexid: 0x7f0807dd
drawable: aoz -> rate_sticker_star_2 hexid: 0x7f0807de
drawable: ap0 -> rate_sticker_star_3 hexid: 0x7f0807df
drawable: ap1 -> rate_sticker_star_4 hexid: 0x7f0807e0
drawable: ap2 -> rate_sticker_star_5 hexid: 0x7f0807e1
drawable: dx -> app_default_button hexid: 0x7f0800ab
C:/Users/DatNT/Desktop/APKTOOL/apktool/apk-tool/projects/com.videomaker.movis/code/smali_classes6/com/videoapp/videomakermaster/RateBannerView.smali
----------
layout: of -> fl_ex_ad_exit_view hexid: 0x7f0d0230
id: ay6 -> root_ad_view hexid: 0x7f0a090b
id: bgo -> tv_quit hexid: 0x7f0a0cf1
C:/Users/DatNT/Desktop/APKTOOL/apktool/apk-tool/projects/com.videomaker.movis/code/smali_classes6/com/videoapp/videomakermaster/ads/g.smali
----------
layout: rg -> layout_result_ad_view hexid: 0x7f0d02a0
id: anz -> native_ad_view hexid: 0x7f0a0787
id: c5 -> ad_media hexid: 0x7f0a0069
id: c1 -> ad_headline hexid: 0x7f0a0065
id: bu -> ad_body hexid: 0x7f0a005e
id: bv -> ad_call_to_action hexid: 0x7f0a005f
id: bt -> ad_app_icon hexid: 0x7f0a005d
C:/Users/DatNT/Desktop/APKTOOL/apktool/apk-tool/projects/com.videomaker.movis/code/smali_classes6/com/videoapp/videomakermaster/ads/admob/c.smali
----------
style: qd -> Theme_Common hexid: 0x7f130279
id: bmq -> viewRoot hexid: 0x7f0a0dd1
layout: e3 -> dl_loading_ad hexid: 0x7f0d00b1
C:/Users/DatNT/Desktop/APKTOOL/apktool/apk-tool/projects/com.videomaker.movis/code/smali_classes6/com/videoapp/videomakermaster/ads/admob/d.smali
----------
layout: db -> def_p_ad_layout hexid: 0x7f0d0095
id: c1 -> ad_headline hexid: 0x7f0a0065
id: bu -> ad_body hexid: 0x7f0a005e
id: bv -> ad_call_to_action hexid: 0x7f0a005f
id: bt -> ad_app_icon hexid: 0x7f0a005d
id: aai -> iv_listitem_dislike hexid: 0x7f0a0595
id: aw2 -> rlLogo hexid: 0x7f0a08bd
id: br -> adView hexid: 0x7f0a005b
id: c5 -> ad_media hexid: 0x7f0a0069
C:/Users/DatNT/Desktop/APKTOOL/apktool/apk-tool/projects/com.videomaker.movis/code/smali_classes6/com/videoapp/videomakermaster/ads/b/b$a.smali
----------
mipmap: ic_launcher -> ic_launcher hexid: 0x7f0f0000
C:/Users/DatNT/Desktop/APKTOOL/apktool/apk-tool/projects/com.videomaker.movis/code/smali_classes6/com/videoapp/videomakermaster/ads/b/e.smali
----------
id: cj -> ag_campaign_banner hexid: 0x7f0a0078
id: cm -> ag_iv_close hexid: 0x7f0a007b
id: ci -> ag_btn_cta hexid: 0x7f0a0077
id: cn -> ag_text_count hexid: 0x7f0a007c
id: ci -> ag_btn_cta hexid: 0x7f0a0077
id: cm -> ag_iv_close hexid: 0x7f0a007b
layout: ar -> ag_view_app_interstitial_counter hexid: 0x7f0d0036
layout: aq -> ag_view_app_interstitial hexid: 0x7f0d0035
C:/Users/DatNT/Desktop/APKTOOL/apktool/apk-tool/projects/com.videomaker.movis/code/smali_classes6/com/videoapp/videomakermaster/campaign/CampaignInsterstitialActivity.smali
----------
string: th -> xiaoying_str_com_error_happened_tip hexid: 0x7f1203b3
C:/Users/DatNT/Desktop/APKTOOL/apktool/apk-tool/projects/com.videomaker.movis/code/smali_classes6/com/videoapp/videomakermaster/iap/core/MovisBilling.smali
----------
layout: a6 -> activity_app_iap hexid: 0x7f0d0020
layout: a7 -> activity_app_main hexid: 0x7f0d0021
layout: a_ -> activity_app_splash hexid: 0x7f0d0024
layout: aa -> activity_camerax hexid: 0x7f0d0025
layout: du -> dialog_error_query_purchase hexid: 0x7f0d00a8
layout: dy -> dialog_purchase_success hexid: 0x7f0d00ac
layout: oh -> fragment_home_create hexid: 0x7f0d0232
layout: oi -> fragment_material_center hexid: 0x7f0d0233
layout: oj -> fragment_material_page hexid: 0x7f0d0234
layout: ql -> home_banner_premium hexid: 0x7f0d0280
layout: qm -> home_effect_center_component hexid: 0x7f0d0281
layout: qy -> item_effect_center hexid: 0x7f0d028d
layout: qz -> item_material_tag hexid: 0x7f0d028e
layout: r0 -> item_material_template hexid: 0x7f0d028f
layout: r2 -> item_premium_offer hexid: 0x7f0d0291
layout: r8 -> layout_home_bottom_nav hexid: 0x7f0d0297
layout: r9 -> layout_home_feature hexid: 0x7f0d0298
layout: r_ -> layout_hone_appbar hexid: 0x7f0d0299
layout: ra -> layout_native_ad hexid: 0x7f0d029a
layout: re -> layout_popup_sale hexid: 0x7f0d029e
layout: rf -> layout_premium_component hexid: 0x7f0d029f
layout: u9 -> new_item_title_layout hexid: 0x7f0d0307
layout: uu -> premium_appbar hexid: 0x7f0d032c
layout: uv -> premium_policy hexid: 0x7f0d032d
layout: uw -> premium_slider hexid: 0x7f0d032e
layout: ux -> premium_slider_item hexid: 0x7f0d032f
layout: uy -> premium_top_banner hexid: 0x7f0d0330
layout: vl -> templatex_act_effect_detail hexid: 0x7f0d0348
layout: vn -> templatex_act_subtitle_sticker_detail hexid: 0x7f0d034a
layout: vo -> templatex_act_theme_detail hexid: 0x7f0d034b
layout: vp -> templatex_act_trans_detail hexid: 0x7f0d034c
layout: w0 -> templatex_view_font_list_item hexid: 0x7f0d0357
layout: w1 -> templatex_view_list_item_l hexid: 0x7f0d0358
layout: w2 -> templatex_view_list_item_s hexid: 0x7f0d0359
layout: w3 -> templatex_view_list_item_xl hexid: 0x7f0d035a
layout: w4 -> templatex_view_list_item_xs hexid: 0x7f0d035b
layout: w5 -> templatex_view_list_item_xxs hexid: 0x7f0d035c
layout: wn -> view_sale_countdown hexid: 0x7f0d03cc
layout: wo -> view_sale_countdown_popup hexid: 0x7f0d03cd
C:/Users/DatNT/Desktop/APKTOOL/apktool/apk-tool/projects/com.videomaker.movis/code/smali_classes7/com/videoeditorpro/videomaker/DataBinderMapperImpl$b.smali
----------
layout: a6 -> activity_app_iap hexid: 0x7f0d0020
layout: a7 -> activity_app_main hexid: 0x7f0d0021
layout: a_ -> activity_app_splash hexid: 0x7f0d0024
layout: aa -> activity_camerax hexid: 0x7f0d0025
layout: du -> dialog_error_query_purchase hexid: 0x7f0d00a8
layout: dy -> dialog_purchase_success hexid: 0x7f0d00ac
layout: oh -> fragment_home_create hexid: 0x7f0d0232
layout: oi -> fragment_material_center hexid: 0x7f0d0233
layout: oj -> fragment_material_page hexid: 0x7f0d0234
layout: ql -> home_banner_premium hexid: 0x7f0d0280
layout: qm -> home_effect_center_component hexid: 0x7f0d0281
layout: qy -> item_effect_center hexid: 0x7f0d028d
layout: qz -> item_material_tag hexid: 0x7f0d028e
layout: r0 -> item_material_template hexid: 0x7f0d028f
layout: r2 -> item_premium_offer hexid: 0x7f0d0291
layout: r8 -> layout_home_bottom_nav hexid: 0x7f0d0297
layout: r9 -> layout_home_feature hexid: 0x7f0d0298
layout: r_ -> layout_hone_appbar hexid: 0x7f0d0299
layout: ra -> layout_native_ad hexid: 0x7f0d029a
layout: re -> layout_popup_sale hexid: 0x7f0d029e
layout: rf -> layout_premium_component hexid: 0x7f0d029f
layout: u9 -> new_item_title_layout hexid: 0x7f0d0307
layout: uu -> premium_appbar hexid: 0x7f0d032c
layout: uv -> premium_policy hexid: 0x7f0d032d
layout: uw -> premium_slider hexid: 0x7f0d032e
layout: ux -> premium_slider_item hexid: 0x7f0d032f
layout: uy -> premium_top_banner hexid: 0x7f0d0330
layout: vl -> templatex_act_effect_detail hexid: 0x7f0d0348
layout: vn -> templatex_act_subtitle_sticker_detail hexid: 0x7f0d034a
layout: vo -> templatex_act_theme_detail hexid: 0x7f0d034b
layout: vp -> templatex_act_trans_detail hexid: 0x7f0d034c
layout: w0 -> templatex_view_font_list_item hexid: 0x7f0d0357
layout: w1 -> templatex_view_list_item_l hexid: 0x7f0d0358
layout: w2 -> templatex_view_list_item_s hexid: 0x7f0d0359
layout: w3 -> templatex_view_list_item_xl hexid: 0x7f0d035a
layout: w4 -> templatex_view_list_item_xs hexid: 0x7f0d035b
layout: w5 -> templatex_view_list_item_xxs hexid: 0x7f0d035c
layout: wn -> view_sale_countdown hexid: 0x7f0d03cc
layout: wo -> view_sale_countdown_popup hexid: 0x7f0d03cd
C:/Users/DatNT/Desktop/APKTOOL/apktool/apk-tool/projects/com.videomaker.movis/code/smali_classes7/com/videoeditorpro/videomaker/DataBinderMapperImpl.smali
----------
layout: a6 -> activity_app_iap hexid: 0x7f0d0020
layout: a6 -> activity_app_iap hexid: 0x7f0d0020
layout: a6 -> activity_app_iap hexid: 0x7f0d0020
C:/Users/DatNT/Desktop/APKTOOL/apktool/apk-tool/projects/com.videomaker.movis/code/smali_classes7/com/videoeditorpro/videomaker/databinding/ActivityAppIapBinding.smali
----------
id: ayn -> rvContent hexid: 0x7f0a091d
id: eu -> appBar hexid: 0x7f0a00cd
id: p3 -> clBottomCta hexid: 0x7f0a0248
id: bhn -> tv_sub_time hexid: 0x7f0a0d15
id: bgk -> tv_price_per_time hexid: 0x7f0a0ced
id: bgi -> tv_premium_cta hexid: 0x7f0a0ceb
id: a8y -> ivEffect hexid: 0x7f0a0536
id: bby -> tvPremiumDesc hexid: 0x7f0a0c42
C:/Users/DatNT/Desktop/APKTOOL/apktool/apk-tool/projects/com.videomaker.movis/code/smali_classes7/com/videoeditorpro/videomaker/databinding/ActivityAppIapBindingImpl.smali
----------
layout: a7 -> activity_app_main hexid: 0x7f0d0021
layout: a7 -> activity_app_main hexid: 0x7f0d0021
layout: a7 -> activity_app_main hexid: 0x7f0d0021
C:/Users/DatNT/Desktop/APKTOOL/apktool/apk-tool/projects/com.videomaker.movis/code/smali_classes7/com/videoeditorpro/videomaker/databinding/ActivityAppMainBinding.smali
----------
id: z4 -> flContent hexid: 0x7f0a03c9
id: ao3 -> nav hexid: 0x7f0a0797
C:/Users/DatNT/Desktop/APKTOOL/apktool/apk-tool/projects/com.videomaker.movis/code/smali_classes7/com/videoeditorpro/videomaker/databinding/ActivityAppMainBindingImpl.smali
----------
layout: a_ -> activity_app_splash hexid: 0x7f0d0024
layout: a_ -> activity_app_splash hexid: 0x7f0d0024
layout: a_ -> activity_app_splash hexid: 0x7f0d0024
C:/Users/DatNT/Desktop/APKTOOL/apktool/apk-tool/projects/com.videomaker.movis/code/smali_classes7/com/videoeditorpro/videomaker/databinding/ActivityAppSplashBinding.smali
----------
id: a8i -> iv2 hexid: 0x7f0a0526
id: a8h -> iv1 hexid: 0x7f0a0525
id: a93 -> ivLogo hexid: 0x7f0a053b
id: ara -> policy_agreement_container hexid: 0x7f0a080e
id: bgg -> tv_policy_agreement_text hexid: 0x7f0a0ce9
id: a1u -> get_started_button hexid: 0x7f0a042e
C:/Users/DatNT/Desktop/APKTOOL/apktool/apk-tool/projects/com.videomaker.movis/code/smali_classes7/com/videoeditorpro/videomaker/databinding/ActivityAppSplashBindingImpl.smali
----------
layout: aa -> activity_camerax hexid: 0x7f0d0025
layout: aa -> activity_camerax hexid: 0x7f0d0025
layout: aa -> activity_camerax hexid: 0x7f0d0025
C:/Users/DatNT/Desktop/APKTOOL/apktool/apk-tool/projects/com.videomaker.movis/code/smali_classes7/com/videoeditorpro/videomaker/databinding/ActivityCameraxBinding.smali
----------
id: le -> btn_rec hexid: 0x7f0a01c0
C:/Users/DatNT/Desktop/APKTOOL/apktool/apk-tool/projects/com.videomaker.movis/code/smali_classes7/com/videoeditorpro/videomaker/databinding/ActivityCameraxBindingImpl.smali
----------
layout: du -> dialog_error_query_purchase hexid: 0x7f0d00a8
layout: du -> dialog_error_query_purchase hexid: 0x7f0d00a8
layout: du -> dialog_error_query_purchase hexid: 0x7f0d00a8
C:/Users/DatNT/Desktop/APKTOOL/apktool/apk-tool/projects/com.videomaker.movis/code/smali_classes7/com/videoeditorpro/videomaker/databinding/DialogErrorQueryPurchaseBinding.smali
----------
id: bc1 -> tvReload hexid: 0x7f0a0c45
id: bd8 -> tv_back hexid: 0x7f0a0c71
C:/Users/DatNT/Desktop/APKTOOL/apktool/apk-tool/projects/com.videomaker.movis/code/smali_classes7/com/videoeditorpro/videomaker/databinding/DialogErrorQueryPurchaseBindingImpl.smali
----------
layout: dy -> dialog_purchase_success hexid: 0x7f0d00ac
layout: dy -> dialog_purchase_success hexid: 0x7f0d00ac
layout: dy -> dialog_purchase_success hexid: 0x7f0d00ac
C:/Users/DatNT/Desktop/APKTOOL/apktool/apk-tool/projects/com.videomaker.movis/code/smali_classes7/com/videoeditorpro/videomaker/databinding/DialogPurchaseSuccessBinding.smali
----------
id: bba -> tvCta hexid: 0x7f0a0c2a
C:/Users/DatNT/Desktop/APKTOOL/apktool/apk-tool/projects/com.videomaker.movis/code/smali_classes7/com/videoeditorpro/videomaker/databinding/DialogPurchaseSuccessBindingImpl.smali
----------
layout: oh -> fragment_home_create hexid: 0x7f0d0232
layout: oh -> fragment_home_create hexid: 0x7f0d0232
layout: oh -> fragment_home_create hexid: 0x7f0d0232
C:/Users/DatNT/Desktop/APKTOOL/apktool/apk-tool/projects/com.videomaker.movis/code/smali_classes7/com/videoeditorpro/videomaker/databinding/FragmentHomeCreateBinding.smali
----------
id: ayn -> rvContent hexid: 0x7f0a091d
C:/Users/DatNT/Desktop/APKTOOL/apktool/apk-tool/projects/com.videomaker.movis/code/smali_classes7/com/videoeditorpro/videomaker/databinding/FragmentHomeCreateBindingImpl.smali
----------
layout: oi -> fragment_material_center hexid: 0x7f0d0233
layout: oi -> fragment_material_center hexid: 0x7f0d0233
layout: oi -> fragment_material_center hexid: 0x7f0d0233
C:/Users/DatNT/Desktop/APKTOOL/apktool/apk-tool/projects/com.videomaker.movis/code/smali_classes7/com/videoeditorpro/videomaker/databinding/FragmentMaterialCenterBinding.smali
----------
id: b5u -> tabLayout hexid: 0x7f0a0a27
id: bo5 -> vpPage hexid: 0x7f0a0e05
C:/Users/DatNT/Desktop/APKTOOL/apktool/apk-tool/projects/com.videomaker.movis/code/smali_classes7/com/videoeditorpro/videomaker/databinding/FragmentMaterialCenterBindingImpl.smali
----------
layout: oj -> fragment_material_page hexid: 0x7f0d0234
layout: oj -> fragment_material_page hexid: 0x7f0d0234
layout: oj -> fragment_material_page hexid: 0x7f0d0234
C:/Users/DatNT/Desktop/APKTOOL/apktool/apk-tool/projects/com.videomaker.movis/code/smali_classes7/com/videoeditorpro/videomaker/databinding/FragmentMaterialPageBinding.smali
----------
id: p4 -> clTag hexid: 0x7f0a0249
id: zn -> flowLayout hexid: 0x7f0a03dd
id: ayn -> rvContent hexid: 0x7f0a091d
id: aq4 -> pbLoading hexid: 0x7f0a07e2
C:/Users/DatNT/Desktop/APKTOOL/apktool/apk-tool/projects/com.videomaker.movis/code/smali_classes7/com/videoeditorpro/videomaker/databinding/FragmentMaterialPageBindingImpl.smali
----------
layout: ql -> home_banner_premium hexid: 0x7f0d0280
layout: ql -> home_banner_premium hexid: 0x7f0d0280
layout: ql -> home_banner_premium hexid: 0x7f0d0280
C:/Users/DatNT/Desktop/APKTOOL/apktool/apk-tool/projects/com.videomaker.movis/code/smali_classes7/com/videoeditorpro/videomaker/databinding/HomeBannerPremiumBinding.smali
----------
id: a8q -> ivBanner hexid: 0x7f0a052e
id: bcb -> tvTitle hexid: 0x7f0a0c50
C:/Users/DatNT/Desktop/APKTOOL/apktool/apk-tool/projects/com.videomaker.movis/code/smali_classes7/com/videoeditorpro/videomaker/databinding/HomeBannerPremiumBindingImpl.smali
----------
layout: qm -> home_effect_center_component hexid: 0x7f0d0281
layout: qm -> home_effect_center_component hexid: 0x7f0d0281
layout: qm -> home_effect_center_component hexid: 0x7f0d0281
C:/Users/DatNT/Desktop/APKTOOL/apktool/apk-tool/projects/com.videomaker.movis/code/smali_classes7/com/videoeditorpro/videomaker/databinding/HomeEffectCenterComponentBinding.smali
----------
id: ayn -> rvContent hexid: 0x7f0a091d
C:/Users/DatNT/Desktop/APKTOOL/apktool/apk-tool/projects/com.videomaker.movis/code/smali_classes7/com/videoeditorpro/videomaker/databinding/HomeEffectCenterComponentBindingImpl.smali
----------
layout: qy -> item_effect_center hexid: 0x7f0d028d
layout: qy -> item_effect_center hexid: 0x7f0d028d
layout: qy -> item_effect_center hexid: 0x7f0d028d
C:/Users/DatNT/Desktop/APKTOOL/apktool/apk-tool/projects/com.videomaker.movis/code/smali_classes7/com/videoeditorpro/videomaker/databinding/ItemEffectCenterBinding.smali
----------
id: a_k -> iv_effect_banner hexid: 0x7f0a0572
id: bef -> tv_effect_title hexid: 0x7f0a0c9e
C:/Users/DatNT/Desktop/APKTOOL/apktool/apk-tool/projects/com.videomaker.movis/code/smali_classes7/com/videoeditorpro/videomaker/databinding/ItemEffectCenterBindingImpl.smali
----------
layout: qz -> item_material_tag hexid: 0x7f0d028e
layout: qz -> item_material_tag hexid: 0x7f0d028e
layout: qz -> item_material_tag hexid: 0x7f0d028e
C:/Users/DatNT/Desktop/APKTOOL/apktool/apk-tool/projects/com.videomaker.movis/code/smali_classes7/com/videoeditorpro/videomaker/databinding/ItemMaterialTagBinding.smali
----------
layout: r0 -> item_material_template hexid: 0x7f0d028f
layout: r0 -> item_material_template hexid: 0x7f0d028f
layout: r0 -> item_material_template hexid: 0x7f0d028f
C:/Users/DatNT/Desktop/APKTOOL/apktool/apk-tool/projects/com.videomaker.movis/code/smali_classes7/com/videoeditorpro/videomaker/databinding/ItemMaterialTemplateBinding.smali
----------
id: a8v -> ivCover hexid: 0x7f0a0533
id: bcb -> tvTitle hexid: 0x7f0a0c50
C:/Users/DatNT/Desktop/APKTOOL/apktool/apk-tool/projects/com.videomaker.movis/code/smali_classes7/com/videoeditorpro/videomaker/databinding/ItemMaterialTemplateBindingImpl.smali
----------
layout: r2 -> item_premium_offer hexid: 0x7f0d0291
layout: r2 -> item_premium_offer hexid: 0x7f0d0291
layout: r2 -> item_premium_offer hexid: 0x7f0d0291
C:/Users/DatNT/Desktop/APKTOOL/apktool/apk-tool/projects/com.videomaker.movis/code/smali_classes7/com/videoeditorpro/videomaker/databinding/ItemPremiumOfferBinding.smali
----------
id: a7a -> item_backround hexid: 0x7f0a04f9
id: bhn -> tv_sub_time hexid: 0x7f0a0d15
id: bir -> tv_year_current hexid: 0x7f0a0d3e
id: afk -> layout_price_year hexid: 0x7f0a0650
id: bis -> tv_year_price hexid: 0x7f0a0d3f
id: bg0 -> tv_month hexid: 0x7f0a0cd8
id: bg1 -> tv_month_on_year hexid: 0x7f0a0cd9
id: bgz -> tv_sale_title hexid: 0x7f0a0cfc
C:/Users/DatNT/Desktop/APKTOOL/apktool/apk-tool/projects/com.videomaker.movis/code/smali_classes7/com/videoeditorpro/videomaker/databinding/ItemPremiumOfferBindingImpl.smali
----------
layout: r8 -> layout_home_bottom_nav hexid: 0x7f0d0297
layout: r8 -> layout_home_bottom_nav hexid: 0x7f0d0297
layout: r8 -> layout_home_bottom_nav hexid: 0x7f0d0297
C:/Users/DatNT/Desktop/APKTOOL/apktool/apk-tool/projects/com.videomaker.movis/code/smali_classes7/com/videoeditorpro/videomaker/databinding/LayoutHomeBottomNavBinding.smali
----------
id: z5 -> flCreate hexid: 0x7f0a03ca
id: z7 -> flMaterial hexid: 0x7f0a03cc
C:/Users/DatNT/Desktop/APKTOOL/apktool/apk-tool/projects/com.videomaker.movis/code/smali_classes7/com/videoeditorpro/videomaker/databinding/LayoutHomeBottomNavBindingImpl.smali
----------
layout: r9 -> layout_home_feature hexid: 0x7f0d0298
layout: r9 -> layout_home_feature hexid: 0x7f0d0298
layout: r9 -> layout_home_feature hexid: 0x7f0d0298
C:/Users/DatNT/Desktop/APKTOOL/apktool/apk-tool/projects/com.videomaker.movis/code/smali_classes7/com/videoeditorpro/videomaker/databinding/LayoutHomeFeatureBinding.smali
----------
id: z6 -> flCta hexid: 0x7f0a03cb
id: bb_ -> tvCreate hexid: 0x7f0a0c29
id: ahg -> llFeauture1 hexid: 0x7f0a0696
id: ahh -> llFeauture2 hexid: 0x7f0a0697
id: ahe -> llCampaign hexid: 0x7f0a0694
id: a8r -> ivCampaign hexid: 0x7f0a052f
id: a8k -> ivAdCampaign hexid: 0x7f0a0528
id: bb6 -> tvCampaign hexid: 0x7f0a0c25
C:/Users/DatNT/Desktop/APKTOOL/apktool/apk-tool/projects/com.videomaker.movis/code/smali_classes7/com/videoeditorpro/videomaker/databinding/LayoutHomeFeatureBindingImpl.smali
----------
layout: r_ -> layout_hone_appbar hexid: 0x7f0d0299
layout: r_ -> layout_hone_appbar hexid: 0x7f0d0299
layout: r_ -> layout_hone_appbar hexid: 0x7f0d0299
C:/Users/DatNT/Desktop/APKTOOL/apktool/apk-tool/projects/com.videomaker.movis/code/smali_classes7/com/videoeditorpro/videomaker/databinding/LayoutHoneAppbarBinding.smali
----------
id: a8m -> ivAppLogo hexid: 0x7f0a052a
id: a8j -> ivAbout hexid: 0x7f0a0527
id: a92 -> ivInsight hexid: 0x7f0a053a
C:/Users/DatNT/Desktop/APKTOOL/apktool/apk-tool/projects/com.videomaker.movis/code/smali_classes7/com/videoeditorpro/videomaker/databinding/LayoutHoneAppbarBindingImpl.smali
----------
layout: ra -> layout_native_ad hexid: 0x7f0d029a
layout: ra -> layout_native_ad hexid: 0x7f0d029a
layout: ra -> layout_native_ad hexid: 0x7f0d029a
C:/Users/DatNT/Desktop/APKTOOL/apktool/apk-tool/projects/com.videomaker.movis/code/smali_classes7/com/videoeditorpro/videomaker/databinding/LayoutNativeAdBinding.smali
----------
layout: re -> layout_popup_sale hexid: 0x7f0d029e
layout: re -> layout_popup_sale hexid: 0x7f0d029e
layout: re -> layout_popup_sale hexid: 0x7f0d029e
C:/Users/DatNT/Desktop/APKTOOL/apktool/apk-tool/projects/com.videomaker.movis/code/smali_classes7/com/videoeditorpro/videomaker/databinding/LayoutPopupSaleBinding.smali
----------
id: e3 -> anchor1 hexid: 0x7f0a00b1
id: e4 -> anchor2 hexid: 0x7f0a00b2
id: bc5 -> tvSkip hexid: 0x7f0a0c49
id: a8p -> ivBackground hexid: 0x7f0a052d
id: a8s -> ivClick hexid: 0x7f0a0530
id: rl -> countdownEvent hexid: 0x7f0a02b3
C:/Users/DatNT/Desktop/APKTOOL/apktool/apk-tool/projects/com.videomaker.movis/code/smali_classes7/com/videoeditorpro/videomaker/databinding/LayoutPopupSaleBindingImpl.smali
----------
layout: rf -> layout_premium_component hexid: 0x7f0d029f
layout: rf -> layout_premium_component hexid: 0x7f0d029f
layout: rf -> layout_premium_component hexid: 0x7f0d029f
C:/Users/DatNT/Desktop/APKTOOL/apktool/apk-tool/projects/com.videomaker.movis/code/smali_classes7/com/videoeditorpro/videomaker/databinding/LayoutPremiumComponentBinding.smali
----------
id: a8q -> ivBanner hexid: 0x7f0a052e
id: bcb -> tvTitle hexid: 0x7f0a0c50
C:/Users/DatNT/Desktop/APKTOOL/apktool/apk-tool/projects/com.videomaker.movis/code/smali_classes7/com/videoeditorpro/videomaker/databinding/LayoutPremiumComponentBindingImpl.smali
----------
layout: u9 -> new_item_title_layout hexid: 0x7f0d0307
layout: u9 -> new_item_title_layout hexid: 0x7f0d0307
layout: u9 -> new_item_title_layout hexid: 0x7f0d0307
C:/Users/DatNT/Desktop/APKTOOL/apktool/apk-tool/projects/com.videomaker.movis/code/smali_classes7/com/videoeditorpro/videomaker/databinding/NewItemTitleLayoutBinding.smali
----------
id: bcb -> tvTitle hexid: 0x7f0a0c50
C:/Users/DatNT/Desktop/APKTOOL/apktool/apk-tool/projects/com.videomaker.movis/code/smali_classes7/com/videoeditorpro/videomaker/databinding/NewItemTitleLayoutBindingImpl.smali
----------
layout: uu -> premium_appbar hexid: 0x7f0d032c
layout: uu -> premium_appbar hexid: 0x7f0d032c
layout: uu -> premium_appbar hexid: 0x7f0d032c
C:/Users/DatNT/Desktop/APKTOOL/apktool/apk-tool/projects/com.videomaker.movis/code/smali_classes7/com/videoeditorpro/videomaker/databinding/PremiumAppbarBinding.smali
----------
id: a93 -> ivLogo hexid: 0x7f0a053b
id: a8t -> ivClose hexid: 0x7f0a0531
C:/Users/DatNT/Desktop/APKTOOL/apktool/apk-tool/projects/com.videomaker.movis/code/smali_classes7/com/videoeditorpro/videomaker/databinding/PremiumAppbarBindingImpl.smali
----------
layout: uv -> premium_policy hexid: 0x7f0d032d
layout: uv -> premium_policy hexid: 0x7f0d032d
layout: uv -> premium_policy hexid: 0x7f0d032d
C:/Users/DatNT/Desktop/APKTOOL/apktool/apk-tool/projects/com.videomaker.movis/code/smali_classes7/com/videoeditorpro/videomaker/databinding/PremiumPolicyBinding.smali
----------
id: bb2 -> tvAppPolicy hexid: 0x7f0a0c21
C:/Users/DatNT/Desktop/APKTOOL/apktool/apk-tool/projects/com.videomaker.movis/code/smali_classes7/com/videoeditorpro/videomaker/databinding/PremiumPolicyBindingImpl.smali
----------
layout: uw -> premium_slider hexid: 0x7f0d032e
layout: uw -> premium_slider hexid: 0x7f0d032e
layout: uw -> premium_slider hexid: 0x7f0d032e
C:/Users/DatNT/Desktop/APKTOOL/apktool/apk-tool/projects/com.videomaker.movis/code/smali_classes7/com/videoeditorpro/videomaker/databinding/PremiumSliderBinding.smali
----------
layout: ux -> premium_slider_item hexid: 0x7f0d032f
layout: ux -> premium_slider_item hexid: 0x7f0d032f
layout: ux -> premium_slider_item hexid: 0x7f0d032f
C:/Users/DatNT/Desktop/APKTOOL/apktool/apk-tool/projects/com.videomaker.movis/code/smali_classes7/com/videoeditorpro/videomaker/databinding/PremiumSliderItemBinding.smali
----------
id: a91 -> ivImg hexid: 0x7f0a0539
id: bcb -> tvTitle hexid: 0x7f0a0c50
C:/Users/DatNT/Desktop/APKTOOL/apktool/apk-tool/projects/com.videomaker.movis/code/smali_classes7/com/videoeditorpro/videomaker/databinding/PremiumSliderItemBindingImpl.smali
----------
layout: uy -> premium_top_banner hexid: 0x7f0d0330
layout: uy -> premium_top_banner hexid: 0x7f0d0330
layout: uy -> premium_top_banner hexid: 0x7f0d0330
C:/Users/DatNT/Desktop/APKTOOL/apktool/apk-tool/projects/com.videomaker.movis/code/smali_classes7/com/videoeditorpro/videomaker/databinding/PremiumTopBannerBinding.smali
----------
id: a8q -> ivBanner hexid: 0x7f0a052e
C:/Users/DatNT/Desktop/APKTOOL/apktool/apk-tool/projects/com.videomaker.movis/code/smali_classes7/com/videoeditorpro/videomaker/databinding/PremiumTopBannerBindingImpl.smali
----------
layout: vl -> templatex_act_effect_detail hexid: 0x7f0d0348
layout: vl -> templatex_act_effect_detail hexid: 0x7f0d0348
layout: vl -> templatex_act_effect_detail hexid: 0x7f0d0348
C:/Users/DatNT/Desktop/APKTOOL/apktool/apk-tool/projects/com.videomaker.movis/code/smali_classes7/com/videoeditorpro/videomaker/databinding/TemplatexActEffectDetailBinding.smali
----------
id: bcc -> tvTitle2 hexid: 0x7f0a0c51
id: b3q -> spaceBottom hexid: 0x7f0a09d9
id: aue -> recyclerView hexid: 0x7f0a0881
id: ja -> btnAdd hexid: 0x7f0a0172
id: jb -> btnAdded hexid: 0x7f0a0173
id: k7 -> btnToEditor hexid: 0x7f0a0193
C:/Users/DatNT/Desktop/APKTOOL/apktool/apk-tool/projects/com.videomaker.movis/code/smali_classes7/com/videoeditorpro/videomaker/databinding/TemplatexActEffectDetailBindingImpl.smali
----------
layout: vn -> templatex_act_subtitle_sticker_detail hexid: 0x7f0d034a
layout: vn -> templatex_act_subtitle_sticker_detail hexid: 0x7f0d034a
layout: vn -> templatex_act_subtitle_sticker_detail hexid: 0x7f0d034a
C:/Users/DatNT/Desktop/APKTOOL/apktool/apk-tool/projects/com.videomaker.movis/code/smali_classes7/com/videoeditorpro/videomaker/databinding/TemplatexActSubtitleStickerDetailBinding.smali
----------
id: bcc -> tvTitle2 hexid: 0x7f0a0c51
id: aue -> recyclerView hexid: 0x7f0a0881
id: ja -> btnAdd hexid: 0x7f0a0172
id: jb -> btnAdded hexid: 0x7f0a0173
id: k7 -> btnToEditor hexid: 0x7f0a0193
C:/Users/DatNT/Desktop/APKTOOL/apktool/apk-tool/projects/com.videomaker.movis/code/smali_classes7/com/videoeditorpro/videomaker/databinding/TemplatexActSubtitleStickerDetailBindingImpl.smali
----------
layout: vo -> templatex_act_theme_detail hexid: 0x7f0d034b
layout: vo -> templatex_act_theme_detail hexid: 0x7f0d034b
layout: vo -> templatex_act_theme_detail hexid: 0x7f0d034b
C:/Users/DatNT/Desktop/APKTOOL/apktool/apk-tool/projects/com.videomaker.movis/code/smali_classes7/com/videoeditorpro/videomaker/databinding/TemplatexActThemeDetailBinding.smali
----------
id: ja -> btnAdd hexid: 0x7f0a0172
id: jb -> btnAdded hexid: 0x7f0a0173
id: k7 -> btnToEditor hexid: 0x7f0a0193
C:/Users/DatNT/Desktop/APKTOOL/apktool/apk-tool/projects/com.videomaker.movis/code/smali_classes7/com/videoeditorpro/videomaker/databinding/TemplatexActThemeDetailBindingImpl.smali
----------
layout: vp -> templatex_act_trans_detail hexid: 0x7f0d034c
layout: vp -> templatex_act_trans_detail hexid: 0x7f0d034c
layout: vp -> templatex_act_trans_detail hexid: 0x7f0d034c
C:/Users/DatNT/Desktop/APKTOOL/apktool/apk-tool/projects/com.videomaker.movis/code/smali_classes7/com/videoeditorpro/videomaker/databinding/TemplatexActTransDetailBinding.smali
----------
id: bcc -> tvTitle2 hexid: 0x7f0a0c51
id: aue -> recyclerView hexid: 0x7f0a0881
id: ja -> btnAdd hexid: 0x7f0a0172
id: jb -> btnAdded hexid: 0x7f0a0173
id: k7 -> btnToEditor hexid: 0x7f0a0193
C:/Users/DatNT/Desktop/APKTOOL/apktool/apk-tool/projects/com.videomaker.movis/code/smali_classes7/com/videoeditorpro/videomaker/databinding/TemplatexActTransDetailBindingImpl.smali
----------
layout: w0 -> templatex_view_font_list_item hexid: 0x7f0d0357
layout: w0 -> templatex_view_font_list_item hexid: 0x7f0d0357
layout: w0 -> templatex_view_font_list_item hexid: 0x7f0d0357
C:/Users/DatNT/Desktop/APKTOOL/apktool/apk-tool/projects/com.videomaker.movis/code/smali_classes7/com/videoeditorpro/videomaker/databinding/TemplatexViewFontListItemBinding.smali
----------
id: a4l -> imgNew hexid: 0x7f0a0494
id: a4q -> imgVip hexid: 0x7f0a0499
id: a4j -> imgLock hexid: 0x7f0a0492
C:/Users/DatNT/Desktop/APKTOOL/apktool/apk-tool/projects/com.videomaker.movis/code/smali_classes7/com/videoeditorpro/videomaker/databinding/TemplatexViewFontListItemBindingImpl.smali
----------
layout: w1 -> templatex_view_list_item_l hexid: 0x7f0d0358
layout: w1 -> templatex_view_list_item_l hexid: 0x7f0d0358
layout: w1 -> templatex_view_list_item_l hexid: 0x7f0d0358
C:/Users/DatNT/Desktop/APKTOOL/apktool/apk-tool/projects/com.videomaker.movis/code/smali_classes7/com/videoeditorpro/videomaker/databinding/TemplatexViewListItemLBinding.smali
----------
id: a4l -> imgNew hexid: 0x7f0a0494
id: a4q -> imgVip hexid: 0x7f0a0499
id: a4j -> imgLock hexid: 0x7f0a0492
id: ai8 -> ll_package_des hexid: 0x7f0a06b2
id: abs -> iv_use_package_cta hexid: 0x7f0a05c4
C:/Users/DatNT/Desktop/APKTOOL/apktool/apk-tool/projects/com.videomaker.movis/code/smali_classes7/com/videoeditorpro/videomaker/databinding/TemplatexViewListItemLBindingImpl.smali
----------
layout: w2 -> templatex_view_list_item_s hexid: 0x7f0d0359
layout: w2 -> templatex_view_list_item_s hexid: 0x7f0d0359
layout: w2 -> templatex_view_list_item_s hexid: 0x7f0d0359
C:/Users/DatNT/Desktop/APKTOOL/apktool/apk-tool/projects/com.videomaker.movis/code/smali_classes7/com/videoeditorpro/videomaker/databinding/TemplatexViewListItemSBinding.smali
----------
id: a4l -> imgNew hexid: 0x7f0a0494
id: a4q -> imgVip hexid: 0x7f0a0499
id: a4j -> imgLock hexid: 0x7f0a0492
C:/Users/DatNT/Desktop/APKTOOL/apktool/apk-tool/projects/com.videomaker.movis/code/smali_classes7/com/videoeditorpro/videomaker/databinding/TemplatexViewListItemSBindingImpl.smali
----------
layout: w3 -> templatex_view_list_item_xl hexid: 0x7f0d035a
layout: w3 -> templatex_view_list_item_xl hexid: 0x7f0d035a
layout: w3 -> templatex_view_list_item_xl hexid: 0x7f0d035a
C:/Users/DatNT/Desktop/APKTOOL/apktool/apk-tool/projects/com.videomaker.movis/code/smali_classes7/com/videoeditorpro/videomaker/databinding/TemplatexViewListItemXlBinding.smali
----------
id: a4l -> imgNew hexid: 0x7f0a0494
id: a4q -> imgVip hexid: 0x7f0a0499
id: a4j -> imgLock hexid: 0x7f0a0492
id: bmf -> viewDivider hexid: 0x7f0a0dc6
id: abs -> iv_use_package_cta hexid: 0x7f0a05c4
C:/Users/DatNT/Desktop/APKTOOL/apktool/apk-tool/projects/com.videomaker.movis/code/smali_classes7/com/videoeditorpro/videomaker/databinding/TemplatexViewListItemXlBindingImpl.smali
----------
layout: w4 -> templatex_view_list_item_xs hexid: 0x7f0d035b
layout: w4 -> templatex_view_list_item_xs hexid: 0x7f0d035b
layout: w4 -> templatex_view_list_item_xs hexid: 0x7f0d035b
C:/Users/DatNT/Desktop/APKTOOL/apktool/apk-tool/projects/com.videomaker.movis/code/smali_classes7/com/videoeditorpro/videomaker/databinding/TemplatexViewListItemXsBinding.smali
----------
id: a4l -> imgNew hexid: 0x7f0a0494
id: a4q -> imgVip hexid: 0x7f0a0499
id: a4j -> imgLock hexid: 0x7f0a0492
C:/Users/DatNT/Desktop/APKTOOL/apktool/apk-tool/projects/com.videomaker.movis/code/smali_classes7/com/videoeditorpro/videomaker/databinding/TemplatexViewListItemXsBindingImpl.smali
----------
layout: w5 -> templatex_view_list_item_xxs hexid: 0x7f0d035c
layout: w5 -> templatex_view_list_item_xxs hexid: 0x7f0d035c
layout: w5 -> templatex_view_list_item_xxs hexid: 0x7f0d035c
C:/Users/DatNT/Desktop/APKTOOL/apktool/apk-tool/projects/com.videomaker.movis/code/smali_classes7/com/videoeditorpro/videomaker/databinding/TemplatexViewListItemXxsBinding.smali
----------
id: a4l -> imgNew hexid: 0x7f0a0494
id: a4q -> imgVip hexid: 0x7f0a0499
id: a4j -> imgLock hexid: 0x7f0a0492
C:/Users/DatNT/Desktop/APKTOOL/apktool/apk-tool/projects/com.videomaker.movis/code/smali_classes7/com/videoeditorpro/videomaker/databinding/TemplatexViewListItemXxsBindingImpl.smali
----------
layout: wn -> view_sale_countdown hexid: 0x7f0d03cc
layout: wn -> view_sale_countdown hexid: 0x7f0d03cc
layout: wn -> view_sale_countdown hexid: 0x7f0d03cc
C:/Users/DatNT/Desktop/APKTOOL/apktool/apk-tool/projects/com.videomaker.movis/code/smali_classes7/com/videoeditorpro/videomaker/databinding/ViewSaleCountdownBinding.smali
----------
id: bbm -> tvHour hexid: 0x7f0a0c36
id: bbs -> tvMin hexid: 0x7f0a0c3c
id: bc3 -> tvSec hexid: 0x7f0a0c47
C:/Users/DatNT/Desktop/APKTOOL/apktool/apk-tool/projects/com.videomaker.movis/code/smali_classes7/com/videoeditorpro/videomaker/databinding/ViewSaleCountdownBindingImpl.smali
----------
layout: wo -> view_sale_countdown_popup hexid: 0x7f0d03cd
layout: wo -> view_sale_countdown_popup hexid: 0x7f0d03cd
layout: wo -> view_sale_countdown_popup hexid: 0x7f0d03cd
C:/Users/DatNT/Desktop/APKTOOL/apktool/apk-tool/projects/com.videomaker.movis/code/smali_classes7/com/videoeditorpro/videomaker/databinding/ViewSaleCountdownPopupBinding.smali
----------
id: bbm -> tvHour hexid: 0x7f0a0c36
id: bbs -> tvMin hexid: 0x7f0a0c3c
id: bc3 -> tvSec hexid: 0x7f0a0c47
C:/Users/DatNT/Desktop/APKTOOL/apktool/apk-tool/projects/com.videomaker.movis/code/smali_classes7/com/videoeditorpro/videomaker/databinding/ViewSaleCountdownPopupBindingImpl.smali
----------