C:/Users/DatNT/Desktop/APKTOOL/apktool/apk-tool/projects/com.videomaker.movis/code/smali/com/a.smali
C:/Users/DatNT/Desktop/APKTOOL/apktool/apk-tool/projects/com.videomaker.movis/code/smali_classes3/com/videoai/aivpcore/MainActivity.smali
C:/Users/DatNT/Desktop/APKTOOL/apktool/apk-tool/projects/com.videomaker.movis/code/smali_classes3/com/videoai/aivpcore/ViewPremium.smali
C:/Users/DatNT/Desktop/APKTOOL/apktool/apk-tool/projects/com.videomaker.movis/code/smali_classes3/com/videoai/aivpcore/app/j$b.smali
C:/Users/DatNT/Desktop/APKTOOL/apktool/apk-tool/projects/com.videomaker.movis/code/smali_classes3/com/videoai/aivpcore/app/j.smali
C:/Users/DatNT/Desktop/APKTOOL/apktool/apk-tool/projects/com.videomaker.movis/code/smali_classes3/com/videoai/aivpcore/app/function/ResultActivity.smali
C:/Users/DatNT/Desktop/APKTOOL/apktool/apk-tool/projects/com.videomaker.movis/code/smali_classes3/com/videoai/aivpcore/app/iaputils/a$a.smali
C:/Users/DatNT/Desktop/APKTOOL/apktool/apk-tool/projects/com.videomaker.movis/code/smali_classes3/com/videoai/aivpcore/community/widgetcommon/a.smali
C:/Users/DatNT/Desktop/APKTOOL/apktool/apk-tool/projects/com.videomaker.movis/code/smali_classes4/com/videoai/aivpcore/editor/export/d.smali
C:/Users/DatNT/Desktop/APKTOOL/apktool/apk-tool/projects/com.videomaker.movis/code/smali_classes4/com/videoai/aivpcore/editorx/board/clip/main/b.smali
C:/Users/DatNT/Desktop/APKTOOL/apktool/apk-tool/projects/com.videomaker.movis/code/smali_classes4/com/videoai/aivpcore/editorx/board/clip/widget/TextActionBottomBar.smali
C:/Users/DatNT/Desktop/APKTOOL/apktool/apk-tool/projects/com.videomaker.movis/code/smali_classes4/com/videoai/aivpcore/editorx/controller/d.smali
C:/Users/DatNT/Desktop/APKTOOL/apktool/apk-tool/projects/com.videomaker.movis/code/smali_classes4/com/videoai/aivpcore/editorx/widget/k.smali
C:/Users/DatNT/Desktop/APKTOOL/apktool/apk-tool/projects/com.videomaker.movis/code/smali_classes4/com/videoai/aivpcore/editorx/widget/SelectTextView.smali
C:/Users/DatNT/Desktop/APKTOOL/apktool/apk-tool/projects/com.videomaker.movis/code/smali_classes4/com/videoai/aivpcore/editorx/widget/magic/adapter/a.smali
C:/Users/DatNT/Desktop/APKTOOL/apktool/apk-tool/projects/com.videomaker.movis/code/smali_classes4/com/videoai/aivpcore/editorx/widget/seekbar/a.smali
C:/Users/DatNT/Desktop/APKTOOL/apktool/apk-tool/projects/com.videomaker.movis/code/smali_classes4/com/videoai/aivpcore/module/iap/business/hPackage/b$3.smali
C:/Users/DatNT/Desktop/APKTOOL/apktool/apk-tool/projects/com.videomaker.movis/code/smali_classes4/com/videoai/aivpcore/module/iap/business/hPackage/b$Adapter$ViewHolder.smali
C:/Users/DatNT/Desktop/APKTOOL/apktool/apk-tool/projects/com.videomaker.movis/code/smali_classes4/com/videoai/aivpcore/module/iap/business/hPackage/b$Adapter.smali
C:/Users/DatNT/Desktop/APKTOOL/apktool/apk-tool/projects/com.videomaker.movis/code/smali_classes4/com/videoai/aivpcore/module/iap/business/hPackage/b.smali
C:/Users/DatNT/Desktop/APKTOOL/apktool/apk-tool/projects/com.videomaker.movis/code/smali_classes4/com/videoai/aivpcore/module/iap/business/hPackage/d.smali
C:/Users/DatNT/Desktop/APKTOOL/apktool/apk-tool/projects/com.videomaker.movis/code/smali_classes5/com/videoai/aivpcore/templatex/ui/adapter/FontListAdapter.smali
C:/Users/DatNT/Desktop/APKTOOL/apktool/apk-tool/projects/com.videomaker.movis/code/smali_classes5/com/videoai/aivpcore/templatex/ui/adapter/TemplateLListAdapter.smali
C:/Users/DatNT/Desktop/APKTOOL/apktool/apk-tool/projects/com.videomaker.movis/code/smali_classes5/com/videoai/aivpcore/templatex/ui/adapter/TemplateSListAdapter.smali
C:/Users/DatNT/Desktop/APKTOOL/apktool/apk-tool/projects/com.videomaker.movis/code/smali_classes5/com/videoai/aivpcore/templatex/ui/adapter/TemplateXLListAdapter.smali
C:/Users/DatNT/Desktop/APKTOOL/apktool/apk-tool/projects/com.videomaker.movis/code/smali_classes5/com/videoai/aivpcore/templatex/ui/adapter/TemplateXSItemHolder.smali
C:/Users/DatNT/Desktop/APKTOOL/apktool/apk-tool/projects/com.videomaker.movis/code/smali_classes5/com/videoai/aivpcore/templatex/ui/adapter/TemplateXSListAdapter.smali
C:/Users/DatNT/Desktop/APKTOOL/apktool/apk-tool/projects/com.videomaker.movis/code/smali_classes5/com/videoai/aivpcore/templatex/ui/adapter/TemplateXXSListAdapter.smali
C:/Users/DatNT/Desktop/APKTOOL/apktool/apk-tool/projects/com.videomaker.movis/code/smali_classes5/com/videoai/aivpcore/templatex/ui/controller/a.smali
C:/Users/DatNT/Desktop/APKTOOL/apktool/apk-tool/projects/com.videomaker.movis/code/smali_classes5/com/videoai/aivpcore/templatex/ui/controller/e.smali
C:/Users/DatNT/Desktop/APKTOOL/apktool/apk-tool/projects/com.videomaker.movis/code/smali_classes5/com/videoai/aivpcore/templatex/ui/controller/h.smali
C:/Users/DatNT/Desktop/APKTOOL/apktool/apk-tool/projects/com.videomaker.movis/code/smali_classes5/com/videoai/aivpcore/templatex/ui/controller/m.smali
C:/Users/DatNT/Desktop/APKTOOL/apktool/apk-tool/projects/com.videomaker.movis/code/smali_classes5/com/videoai/aivpcore/templatex/ui/controller/ThemeDetailViewController.smali
C:/Users/DatNT/Desktop/APKTOOL/apktool/apk-tool/projects/com.videomaker.movis/code/smali_classes5/com/videoai/aivpcore/ui/dialog/m.smali
C:/Users/DatNT/Desktop/APKTOOL/apktool/apk-tool/projects/com.videomaker.movis/code/smali_classes5/com/videoai/aivpcore/unit/premium/a.smali
C:/Users/DatNT/Desktop/APKTOOL/apktool/apk-tool/projects/com.videomaker.movis/code/smali_classes5/com/videoai/aivpcore/unit/premium/b.smali
C:/Users/DatNT/Desktop/APKTOOL/apktool/apk-tool/projects/com.videomaker.movis/code/smali_classes5/com/videoai/aivpcore/unit/premium/PremiumViewModel.smali
C:/Users/DatNT/Desktop/APKTOOL/apktool/apk-tool/projects/com.videomaker.movis/code/smali_classes5/com/videoai/aivpcore/unit/premium/view/BannerVH.smali
C:/Users/DatNT/Desktop/APKTOOL/apktool/apk-tool/projects/com.videomaker.movis/code/smali_classes5/com/videoai/aivpcore/unit/premium/view/FeatureSlideVH.smali
C:/Users/DatNT/Desktop/APKTOOL/apktool/apk-tool/projects/com.videomaker.movis/code/smali_classes5/com/videoai/aivpcore/unit/premium/view/ItemOfferVH.smali
C:/Users/DatNT/Desktop/APKTOOL/apktool/apk-tool/projects/com.videomaker.movis/code/smali_classes5/com/videoai/aivpcore/unit/premium/view/ItemSlideVH.smali
C:/Users/DatNT/Desktop/APKTOOL/apktool/apk-tool/projects/com.videomaker.movis/code/smali_classes5/com/videoai/aivpcore/unit/premium/view/PolicyVH.smali
C:/Users/DatNT/Desktop/APKTOOL/apktool/apk-tool/projects/com.videomaker.movis/code/smali_classes5/com/videoai/aivpcore/unit/sale/b.smali
C:/Users/DatNT/Desktop/APKTOOL/apktool/apk-tool/projects/com.videomaker.movis/code/smali_classes5/com/videoai/aivpcore/unit/util/a.smali
C:/Users/DatNT/Desktop/APKTOOL/apktool/apk-tool/projects/com.videomaker.movis/code/smali_classes5/com/videoai/aivpcore/unit/util/VideoDraftWorker.smali
C:/Users/DatNT/Desktop/APKTOOL/apktool/apk-tool/projects/com.videomaker.movis/code/smali_classes5/com/videoai/aivpcore/unit/util/VideoExportShareWorker.smali
C:/Users/DatNT/Desktop/APKTOOL/apktool/apk-tool/projects/com.videomaker.movis/code/smali_classes5/com/videoai/aivpcore/unit/view/HomeAppBar.smali
C:/Users/DatNT/Desktop/APKTOOL/apktool/apk-tool/projects/com.videomaker.movis/code/smali_classes5/com/videoai/aivpcore/unit/view/HomeBannerVH.smali
C:/Users/DatNT/Desktop/APKTOOL/apktool/apk-tool/projects/com.videomaker.movis/code/smali_classes5/com/videoai/aivpcore/unit/view/HomeEffectCenterVH.smali
C:/Users/DatNT/Desktop/APKTOOL/apktool/apk-tool/projects/com.videomaker.movis/code/smali_classes5/com/videoai/aivpcore/unit/view/HomeFeatureVH.smali
C:/Users/DatNT/Desktop/APKTOOL/apktool/apk-tool/projects/com.videomaker.movis/code/smali_classes5/com/videoai/aivpcore/unit/view/ItemMaterialTemplateVH.smali
C:/Users/DatNT/Desktop/APKTOOL/apktool/apk-tool/projects/com.videomaker.movis/code/smali_classes5/com/videoai/aivpcore/unit/view/NativeAdsVH.smali
C:/Users/DatNT/Desktop/APKTOOL/apktool/apk-tool/projects/com.videomaker.movis/code/smali_classes5/com/videoai/aivpcore/unit/view/PressImageView.smali
C:/Users/DatNT/Desktop/APKTOOL/apktool/apk-tool/projects/com.videomaker.movis/code/smali_classes6/com/videoapp/videomakermaster/AppEffectCenterActivity.smali
C:/Users/DatNT/Desktop/APKTOOL/apktool/apk-tool/projects/com.videomaker.movis/code/smali_classes6/com/videoapp/videomakermaster/AppIAPActivity.smali
C:/Users/DatNT/Desktop/APKTOOL/apktool/apk-tool/projects/com.videomaker.movis/code/smali_classes6/com/videoapp/videomakermaster/AppPolicyActivity.smali
C:/Users/DatNT/Desktop/APKTOOL/apktool/apk-tool/projects/com.videomaker.movis/code/smali_classes6/com/videoapp/videomakermaster/AppSettingActivity.smali
C:/Users/DatNT/Desktop/APKTOOL/apktool/apk-tool/projects/com.videomaker.movis/code/smali_classes6/com/videoapp/videomakermaster/AppSplashActivity.smali
C:/Users/DatNT/Desktop/APKTOOL/apktool/apk-tool/projects/com.videomaker.movis/code/smali_classes6/com/videoapp/videomakermaster/AppStudioFragment.smali
C:/Users/DatNT/Desktop/APKTOOL/apktool/apk-tool/projects/com.videomaker.movis/code/smali_classes6/com/videoapp/videomakermaster/AppVideoAdapter$b.smali
C:/Users/DatNT/Desktop/APKTOOL/apktool/apk-tool/projects/com.videomaker.movis/code/smali_classes6/com/videoapp/videomakermaster/AppVideoAdapter.smali
C:/Users/DatNT/Desktop/APKTOOL/apktool/apk-tool/projects/com.videomaker.movis/code/smali_classes6/com/videoapp/videomakermaster/c.smali
C:/Users/DatNT/Desktop/APKTOOL/apktool/apk-tool/projects/com.videomaker.movis/code/smali_classes6/com/videoapp/videomakermaster/CancelFeedbackDialog.smali
C:/Users/DatNT/Desktop/APKTOOL/apktool/apk-tool/projects/com.videomaker.movis/code/smali_classes6/com/videoapp/videomakermaster/e$1.smali
C:/Users/DatNT/Desktop/APKTOOL/apktool/apk-tool/projects/com.videomaker.movis/code/smali_classes6/com/videoapp/videomakermaster/e.smali
C:/Users/DatNT/Desktop/APKTOOL/apktool/apk-tool/projects/com.videomaker.movis/code/smali_classes6/com/videoapp/videomakermaster/EffectCenterAdapter$b.smali
C:/Users/DatNT/Desktop/APKTOOL/apktool/apk-tool/projects/com.videomaker.movis/code/smali_classes6/com/videoapp/videomakermaster/EffectCenterAdapter.smali
C:/Users/DatNT/Desktop/APKTOOL/apktool/apk-tool/projects/com.videomaker.movis/code/smali_classes6/com/videoapp/videomakermaster/g.smali
C:/Users/DatNT/Desktop/APKTOOL/apktool/apk-tool/projects/com.videomaker.movis/code/smali_classes6/com/videoapp/videomakermaster/i.smali
C:/Users/DatNT/Desktop/APKTOOL/apktool/apk-tool/projects/com.videomaker.movis/code/smali_classes6/com/videoapp/videomakermaster/MyStudioActivity$a.smali
C:/Users/DatNT/Desktop/APKTOOL/apktool/apk-tool/projects/com.videomaker.movis/code/smali_classes6/com/videoapp/videomakermaster/MyStudioActivity.smali
C:/Users/DatNT/Desktop/APKTOOL/apktool/apk-tool/projects/com.videomaker.movis/code/smali_classes6/com/videoapp/videomakermaster/RateBannerView.smali
C:/Users/DatNT/Desktop/APKTOOL/apktool/apk-tool/projects/com.videomaker.movis/code/smali_classes6/com/videoapp/videomakermaster/ads/g.smali
C:/Users/DatNT/Desktop/APKTOOL/apktool/apk-tool/projects/com.videomaker.movis/code/smali_classes6/com/videoapp/videomakermaster/ads/admob/c.smali
C:/Users/DatNT/Desktop/APKTOOL/apktool/apk-tool/projects/com.videomaker.movis/code/smali_classes6/com/videoapp/videomakermaster/ads/admob/d.smali
C:/Users/DatNT/Desktop/APKTOOL/apktool/apk-tool/projects/com.videomaker.movis/code/smali_classes6/com/videoapp/videomakermaster/ads/b/b$a.smali
C:/Users/DatNT/Desktop/APKTOOL/apktool/apk-tool/projects/com.videomaker.movis/code/smali_classes6/com/videoapp/videomakermaster/ads/b/e.smali
C:/Users/DatNT/Desktop/APKTOOL/apktool/apk-tool/projects/com.videomaker.movis/code/smali_classes6/com/videoapp/videomakermaster/campaign/CampaignInsterstitialActivity.smali
C:/Users/DatNT/Desktop/APKTOOL/apktool/apk-tool/projects/com.videomaker.movis/code/smali_classes6/com/videoapp/videomakermaster/iap/core/MovisBilling.smali
C:/Users/DatNT/Desktop/APKTOOL/apktool/apk-tool/projects/com.videomaker.movis/code/smali_classes7/com/videoeditorpro/videomaker/DataBinderMapperImpl$b.smali
C:/Users/DatNT/Desktop/APKTOOL/apktool/apk-tool/projects/com.videomaker.movis/code/smali_classes7/com/videoeditorpro/videomaker/DataBinderMapperImpl.smali
C:/Users/DatNT/Desktop/APKTOOL/apktool/apk-tool/projects/com.videomaker.movis/code/smali_classes7/com/videoeditorpro/videomaker/databinding/ActivityAppIapBinding.smali
C:/Users/DatNT/Desktop/APKTOOL/apktool/apk-tool/projects/com.videomaker.movis/code/smali_classes7/com/videoeditorpro/videomaker/databinding/ActivityAppIapBindingImpl.smali
C:/Users/DatNT/Desktop/APKTOOL/apktool/apk-tool/projects/com.videomaker.movis/code/smali_classes7/com/videoeditorpro/videomaker/databinding/ActivityAppMainBinding.smali
C:/Users/DatNT/Desktop/APKTOOL/apktool/apk-tool/projects/com.videomaker.movis/code/smali_classes7/com/videoeditorpro/videomaker/databinding/ActivityAppMainBindingImpl.smali
C:/Users/DatNT/Desktop/APKTOOL/apktool/apk-tool/projects/com.videomaker.movis/code/smali_classes7/com/videoeditorpro/videomaker/databinding/ActivityAppSplashBinding.smali
C:/Users/DatNT/Desktop/APKTOOL/apktool/apk-tool/projects/com.videomaker.movis/code/smali_classes7/com/videoeditorpro/videomaker/databinding/ActivityAppSplashBindingImpl.smali
C:/Users/DatNT/Desktop/APKTOOL/apktool/apk-tool/projects/com.videomaker.movis/code/smali_classes7/com/videoeditorpro/videomaker/databinding/ActivityCameraxBinding.smali
C:/Users/DatNT/Desktop/APKTOOL/apktool/apk-tool/projects/com.videomaker.movis/code/smali_classes7/com/videoeditorpro/videomaker/databinding/ActivityCameraxBindingImpl.smali
C:/Users/DatNT/Desktop/APKTOOL/apktool/apk-tool/projects/com.videomaker.movis/code/smali_classes7/com/videoeditorpro/videomaker/databinding/DialogErrorQueryPurchaseBinding.smali
C:/Users/DatNT/Desktop/APKTOOL/apktool/apk-tool/projects/com.videomaker.movis/code/smali_classes7/com/videoeditorpro/videomaker/databinding/DialogErrorQueryPurchaseBindingImpl.smali
C:/Users/DatNT/Desktop/APKTOOL/apktool/apk-tool/projects/com.videomaker.movis/code/smali_classes7/com/videoeditorpro/videomaker/databinding/DialogPurchaseSuccessBinding.smali
C:/Users/DatNT/Desktop/APKTOOL/apktool/apk-tool/projects/com.videomaker.movis/code/smali_classes7/com/videoeditorpro/videomaker/databinding/DialogPurchaseSuccessBindingImpl.smali
C:/Users/DatNT/Desktop/APKTOOL/apktool/apk-tool/projects/com.videomaker.movis/code/smali_classes7/com/videoeditorpro/videomaker/databinding/FragmentHomeCreateBinding.smali
C:/Users/DatNT/Desktop/APKTOOL/apktool/apk-tool/projects/com.videomaker.movis/code/smali_classes7/com/videoeditorpro/videomaker/databinding/FragmentHomeCreateBindingImpl.smali
C:/Users/DatNT/Desktop/APKTOOL/apktool/apk-tool/projects/com.videomaker.movis/code/smali_classes7/com/videoeditorpro/videomaker/databinding/FragmentMaterialCenterBinding.smali
C:/Users/DatNT/Desktop/APKTOOL/apktool/apk-tool/projects/com.videomaker.movis/code/smali_classes7/com/videoeditorpro/videomaker/databinding/FragmentMaterialCenterBindingImpl.smali
C:/Users/DatNT/Desktop/APKTOOL/apktool/apk-tool/projects/com.videomaker.movis/code/smali_classes7/com/videoeditorpro/videomaker/databinding/FragmentMaterialPageBinding.smali
C:/Users/DatNT/Desktop/APKTOOL/apktool/apk-tool/projects/com.videomaker.movis/code/smali_classes7/com/videoeditorpro/videomaker/databinding/FragmentMaterialPageBindingImpl.smali
C:/Users/DatNT/Desktop/APKTOOL/apktool/apk-tool/projects/com.videomaker.movis/code/smali_classes7/com/videoeditorpro/videomaker/databinding/HomeBannerPremiumBinding.smali
C:/Users/DatNT/Desktop/APKTOOL/apktool/apk-tool/projects/com.videomaker.movis/code/smali_classes7/com/videoeditorpro/videomaker/databinding/HomeBannerPremiumBindingImpl.smali
C:/Users/DatNT/Desktop/APKTOOL/apktool/apk-tool/projects/com.videomaker.movis/code/smali_classes7/com/videoeditorpro/videomaker/databinding/HomeEffectCenterComponentBinding.smali
C:/Users/DatNT/Desktop/APKTOOL/apktool/apk-tool/projects/com.videomaker.movis/code/smali_classes7/com/videoeditorpro/videomaker/databinding/HomeEffectCenterComponentBindingImpl.smali
C:/Users/DatNT/Desktop/APKTOOL/apktool/apk-tool/projects/com.videomaker.movis/code/smali_classes7/com/videoeditorpro/videomaker/databinding/ItemEffectCenterBinding.smali
C:/Users/DatNT/Desktop/APKTOOL/apktool/apk-tool/projects/com.videomaker.movis/code/smali_classes7/com/videoeditorpro/videomaker/databinding/ItemEffectCenterBindingImpl.smali
C:/Users/DatNT/Desktop/APKTOOL/apktool/apk-tool/projects/com.videomaker.movis/code/smali_classes7/com/videoeditorpro/videomaker/databinding/ItemMaterialTagBinding.smali
C:/Users/DatNT/Desktop/APKTOOL/apktool/apk-tool/projects/com.videomaker.movis/code/smali_classes7/com/videoeditorpro/videomaker/databinding/ItemMaterialTemplateBinding.smali
C:/Users/DatNT/Desktop/APKTOOL/apktool/apk-tool/projects/com.videomaker.movis/code/smali_classes7/com/videoeditorpro/videomaker/databinding/ItemMaterialTemplateBindingImpl.smali
C:/Users/DatNT/Desktop/APKTOOL/apktool/apk-tool/projects/com.videomaker.movis/code/smali_classes7/com/videoeditorpro/videomaker/databinding/ItemPremiumOfferBinding.smali
C:/Users/DatNT/Desktop/APKTOOL/apktool/apk-tool/projects/com.videomaker.movis/code/smali_classes7/com/videoeditorpro/videomaker/databinding/ItemPremiumOfferBindingImpl.smali
C:/Users/DatNT/Desktop/APKTOOL/apktool/apk-tool/projects/com.videomaker.movis/code/smali_classes7/com/videoeditorpro/videomaker/databinding/LayoutHomeBottomNavBinding.smali
C:/Users/DatNT/Desktop/APKTOOL/apktool/apk-tool/projects/com.videomaker.movis/code/smali_classes7/com/videoeditorpro/videomaker/databinding/LayoutHomeBottomNavBindingImpl.smali
C:/Users/DatNT/Desktop/APKTOOL/apktool/apk-tool/projects/com.videomaker.movis/code/smali_classes7/com/videoeditorpro/videomaker/databinding/LayoutHomeFeatureBinding.smali
C:/Users/DatNT/Desktop/APKTOOL/apktool/apk-tool/projects/com.videomaker.movis/code/smali_classes7/com/videoeditorpro/videomaker/databinding/LayoutHomeFeatureBindingImpl.smali
C:/Users/DatNT/Desktop/APKTOOL/apktool/apk-tool/projects/com.videomaker.movis/code/smali_classes7/com/videoeditorpro/videomaker/databinding/LayoutHoneAppbarBinding.smali
C:/Users/DatNT/Desktop/APKTOOL/apktool/apk-tool/projects/com.videomaker.movis/code/smali_classes7/com/videoeditorpro/videomaker/databinding/LayoutHoneAppbarBindingImpl.smali
C:/Users/DatNT/Desktop/APKTOOL/apktool/apk-tool/projects/com.videomaker.movis/code/smali_classes7/com/videoeditorpro/videomaker/databinding/LayoutNativeAdBinding.smali
C:/Users/DatNT/Desktop/APKTOOL/apktool/apk-tool/projects/com.videomaker.movis/code/smali_classes7/com/videoeditorpro/videomaker/databinding/LayoutPopupSaleBinding.smali
C:/Users/DatNT/Desktop/APKTOOL/apktool/apk-tool/projects/com.videomaker.movis/code/smali_classes7/com/videoeditorpro/videomaker/databinding/LayoutPopupSaleBindingImpl.smali
C:/Users/DatNT/Desktop/APKTOOL/apktool/apk-tool/projects/com.videomaker.movis/code/smali_classes7/com/videoeditorpro/videomaker/databinding/LayoutPremiumComponentBinding.smali
C:/Users/DatNT/Desktop/APKTOOL/apktool/apk-tool/projects/com.videomaker.movis/code/smali_classes7/com/videoeditorpro/videomaker/databinding/LayoutPremiumComponentBindingImpl.smali
C:/Users/DatNT/Desktop/APKTOOL/apktool/apk-tool/projects/com.videomaker.movis/code/smali_classes7/com/videoeditorpro/videomaker/databinding/NewItemTitleLayoutBinding.smali
C:/Users/DatNT/Desktop/APKTOOL/apktool/apk-tool/projects/com.videomaker.movis/code/smali_classes7/com/videoeditorpro/videomaker/databinding/NewItemTitleLayoutBindingImpl.smali
C:/Users/DatNT/Desktop/APKTOOL/apktool/apk-tool/projects/com.videomaker.movis/code/smali_classes7/com/videoeditorpro/videomaker/databinding/PremiumAppbarBinding.smali
C:/Users/DatNT/Desktop/APKTOOL/apktool/apk-tool/projects/com.videomaker.movis/code/smali_classes7/com/videoeditorpro/videomaker/databinding/PremiumAppbarBindingImpl.smali
C:/Users/DatNT/Desktop/APKTOOL/apktool/apk-tool/projects/com.videomaker.movis/code/smali_classes7/com/videoeditorpro/videomaker/databinding/PremiumPolicyBinding.smali
C:/Users/DatNT/Desktop/APKTOOL/apktool/apk-tool/projects/com.videomaker.movis/code/smali_classes7/com/videoeditorpro/videomaker/databinding/PremiumPolicyBindingImpl.smali
C:/Users/DatNT/Desktop/APKTOOL/apktool/apk-tool/projects/com.videomaker.movis/code/smali_classes7/com/videoeditorpro/videomaker/databinding/PremiumSliderBinding.smali
C:/Users/DatNT/Desktop/APKTOOL/apktool/apk-tool/projects/com.videomaker.movis/code/smali_classes7/com/videoeditorpro/videomaker/databinding/PremiumSliderItemBinding.smali
C:/Users/DatNT/Desktop/APKTOOL/apktool/apk-tool/projects/com.videomaker.movis/code/smali_classes7/com/videoeditorpro/videomaker/databinding/PremiumSliderItemBindingImpl.smali
C:/Users/DatNT/Desktop/APKTOOL/apktool/apk-tool/projects/com.videomaker.movis/code/smali_classes7/com/videoeditorpro/videomaker/databinding/PremiumTopBannerBinding.smali
C:/Users/DatNT/Desktop/APKTOOL/apktool/apk-tool/projects/com.videomaker.movis/code/smali_classes7/com/videoeditorpro/videomaker/databinding/PremiumTopBannerBindingImpl.smali
C:/Users/DatNT/Desktop/APKTOOL/apktool/apk-tool/projects/com.videomaker.movis/code/smali_classes7/com/videoeditorpro/videomaker/databinding/TemplatexActEffectDetailBinding.smali
C:/Users/DatNT/Desktop/APKTOOL/apktool/apk-tool/projects/com.videomaker.movis/code/smali_classes7/com/videoeditorpro/videomaker/databinding/TemplatexActEffectDetailBindingImpl.smali
C:/Users/DatNT/Desktop/APKTOOL/apktool/apk-tool/projects/com.videomaker.movis/code/smali_classes7/com/videoeditorpro/videomaker/databinding/TemplatexActSubtitleStickerDetailBinding.smali
C:/Users/DatNT/Desktop/APKTOOL/apktool/apk-tool/projects/com.videomaker.movis/code/smali_classes7/com/videoeditorpro/videomaker/databinding/TemplatexActSubtitleStickerDetailBindingImpl.smali
C:/Users/DatNT/Desktop/APKTOOL/apktool/apk-tool/projects/com.videomaker.movis/code/smali_classes7/com/videoeditorpro/videomaker/databinding/TemplatexActThemeDetailBinding.smali
C:/Users/DatNT/Desktop/APKTOOL/apktool/apk-tool/projects/com.videomaker.movis/code/smali_classes7/com/videoeditorpro/videomaker/databinding/TemplatexActThemeDetailBindingImpl.smali
C:/Users/DatNT/Desktop/APKTOOL/apktool/apk-tool/projects/com.videomaker.movis/code/smali_classes7/com/videoeditorpro/videomaker/databinding/TemplatexActTransDetailBinding.smali
C:/Users/DatNT/Desktop/APKTOOL/apktool/apk-tool/projects/com.videomaker.movis/code/smali_classes7/com/videoeditorpro/videomaker/databinding/TemplatexActTransDetailBindingImpl.smali
C:/Users/DatNT/Desktop/APKTOOL/apktool/apk-tool/projects/com.videomaker.movis/code/smali_classes7/com/videoeditorpro/videomaker/databinding/TemplatexViewFontListItemBinding.smali
C:/Users/DatNT/Desktop/APKTOOL/apktool/apk-tool/projects/com.videomaker.movis/code/smali_classes7/com/videoeditorpro/videomaker/databinding/TemplatexViewFontListItemBindingImpl.smali
C:/Users/DatNT/Desktop/APKTOOL/apktool/apk-tool/projects/com.videomaker.movis/code/smali_classes7/com/videoeditorpro/videomaker/databinding/TemplatexViewListItemLBinding.smali
C:/Users/DatNT/Desktop/APKTOOL/apktool/apk-tool/projects/com.videomaker.movis/code/smali_classes7/com/videoeditorpro/videomaker/databinding/TemplatexViewListItemLBindingImpl.smali
C:/Users/DatNT/Desktop/APKTOOL/apktool/apk-tool/projects/com.videomaker.movis/code/smali_classes7/com/videoeditorpro/videomaker/databinding/TemplatexViewListItemSBinding.smali
C:/Users/DatNT/Desktop/APKTOOL/apktool/apk-tool/projects/com.videomaker.movis/code/smali_classes7/com/videoeditorpro/videomaker/databinding/TemplatexViewListItemSBindingImpl.smali
C:/Users/DatNT/Desktop/APKTOOL/apktool/apk-tool/projects/com.videomaker.movis/code/smali_classes7/com/videoeditorpro/videomaker/databinding/TemplatexViewListItemXlBinding.smali
C:/Users/DatNT/Desktop/APKTOOL/apktool/apk-tool/projects/com.videomaker.movis/code/smali_classes7/com/videoeditorpro/videomaker/databinding/TemplatexViewListItemXlBindingImpl.smali
C:/Users/DatNT/Desktop/APKTOOL/apktool/apk-tool/projects/com.videomaker.movis/code/smali_classes7/com/videoeditorpro/videomaker/databinding/TemplatexViewListItemXsBinding.smali
C:/Users/DatNT/Desktop/APKTOOL/apktool/apk-tool/projects/com.videomaker.movis/code/smali_classes7/com/videoeditorpro/videomaker/databinding/TemplatexViewListItemXsBindingImpl.smali
C:/Users/DatNT/Desktop/APKTOOL/apktool/apk-tool/projects/com.videomaker.movis/code/smali_classes7/com/videoeditorpro/videomaker/databinding/TemplatexViewListItemXxsBinding.smali
C:/Users/DatNT/Desktop/APKTOOL/apktool/apk-tool/projects/com.videomaker.movis/code/smali_classes7/com/videoeditorpro/videomaker/databinding/TemplatexViewListItemXxsBindingImpl.smali
C:/Users/DatNT/Desktop/APKTOOL/apktool/apk-tool/projects/com.videomaker.movis/code/smali_classes7/com/videoeditorpro/videomaker/databinding/ViewSaleCountdownBinding.smali
C:/Users/DatNT/Desktop/APKTOOL/apktool/apk-tool/projects/com.videomaker.movis/code/smali_classes7/com/videoeditorpro/videomaker/databinding/ViewSaleCountdownBindingImpl.smali
C:/Users/DatNT/Desktop/APKTOOL/apktool/apk-tool/projects/com.videomaker.movis/code/smali_classes7/com/videoeditorpro/videomaker/databinding/ViewSaleCountdownPopupBinding.smali
C:/Users/DatNT/Desktop/APKTOOL/apktool/apk-tool/projects/com.videomaker.movis/code/smali_classes7/com/videoeditorpro/videomaker/databinding/ViewSaleCountdownPopupBindingImpl.smali
